TN:
SF:c:\PUBLIC\PROJECTS-FINAL\amada\amada\babel.config.js
FNF:0
FNH:0
DA:1,0
LF:1
LH:0
BRF:0
BRH:0
end_of_record
TN:
SF:c:\PUBLIC\PROJECTS-FINAL\amada\amada\postcss.config.js
FNF:0
FNH:0
DA:1,0
LF:1
LH:0
BRF:0
BRH:0
end_of_record
TN:
SF:c:\PUBLIC\PROJECTS-FINAL\amada\amada\wallaby.js
FN:1,(anonymous_0)
FNF:1
FNH:0
FNDA:0,(anonymous_0)
DA:1,0
DA:2,0
LF:2
LH:0
BRF:0
BRH:0
end_of_record
TN:
SF:c:\PUBLIC\PROJECTS-FINAL\amada\amada\dist_electron\index.js
FN:1,(anonymous_0)
FN:1,r
FN:1,(anonymous_2)
FN:1,(anonymous_3)
FN:1,(anonymous_4)
FN:1,(anonymous_5)
FN:1,(anonymous_6)
FN:1,(anonymous_7)
FN:1,(anonymous_8)
FN:1,(anonymous_9)
FN:1,(anonymous_10)
FN:1,(anonymous_11)
FN:1,h
FN:1,c
FN:1,(anonymous_14)
FN:1,(anonymous_15)
FN:1,(anonymous_16)
FN:1,(anonymous_17)
FN:1,(anonymous_18)
FN:1,l
FN:1,f
FN:1,(anonymous_21)
FN:1,(anonymous_22)
FN:1,(anonymous_23)
FN:1,(anonymous_24)
FN:1,(anonymous_25)
FN:1,(anonymous_26)
FN:1,(anonymous_27)
FN:1,(anonymous_28)
FN:1,(anonymous_29)
FN:1,(anonymous_30)
FN:1,(anonymous_31)
FN:1,(anonymous_32)
FN:1,(anonymous_33)
FN:1,(anonymous_34)
FN:1,(anonymous_35)
FN:1,(anonymous_36)
FN:1,(anonymous_37)
FN:1,(anonymous_38)
FN:1,(anonymous_39)
FN:1,(anonymous_40)
FN:1,(anonymous_41)
FN:1,(anonymous_42)
FN:1,(anonymous_43)
FN:1,(anonymous_44)
FN:1,(anonymous_45)
FN:1,(anonymous_46)
FN:1,(anonymous_47)
FN:1,(anonymous_48)
FN:1,(anonymous_49)
FN:1,(anonymous_50)
FN:1,(anonymous_51)
FN:1,(anonymous_52)
FN:1,(anonymous_53)
FN:1,(anonymous_54)
FN:1,(anonymous_55)
FN:1,n
FN:1,(anonymous_57)
FN:1,(anonymous_58)
FN:1,(anonymous_59)
FN:1,(anonymous_60)
FN:1,(anonymous_61)
FN:1,(anonymous_62)
FN:1,(anonymous_63)
FN:1,(anonymous_64)
FN:1,(anonymous_65)
FN:1,(anonymous_66)
FN:1,(anonymous_67)
FN:1,(anonymous_68)
FN:1,(anonymous_69)
FN:1,(anonymous_70)
FN:1,(anonymous_71)
FN:1,(anonymous_72)
FN:1,(anonymous_73)
FN:1,(anonymous_74)
FN:1,(anonymous_75)
FN:1,(anonymous_76)
FN:1,(anonymous_77)
FN:1,i
FN:1,(anonymous_79)
FN:1,(anonymous_80)
FN:1,(anonymous_81)
FN:1,(anonymous_82)
FN:1,(anonymous_83)
FN:1,(anonymous_84)
FN:1,(anonymous_85)
FN:1,(anonymous_86)
FN:1,(anonymous_87)
FN:1,(anonymous_88)
FN:1,c
FN:1,u
FN:1,(anonymous_91)
FN:1,(anonymous_92)
FN:1,(anonymous_93)
FN:1,(anonymous_94)
FN:1,(anonymous_95)
FN:1,(anonymous_96)
FN:1,(anonymous_97)
FN:1,(anonymous_98)
FN:1,(anonymous_99)
FN:1,(anonymous_100)
FN:1,l
FN:1,f
FN:1,d
FN:1,(anonymous_104)
FN:1,(anonymous_105)
FN:1,(anonymous_106)
FN:1,(anonymous_107)
FN:1,(anonymous_108)
FN:1,r
FN:1,(anonymous_110)
FN:1,(anonymous_111)
FN:1,(anonymous_112)
FN:1,(anonymous_113)
FN:1,(anonymous_114)
FN:1,(anonymous_115)
FN:1,(anonymous_116)
FN:1,(anonymous_117)
FN:1,(anonymous_118)
FN:1,(anonymous_119)
FN:1,(anonymous_120)
FN:1,(anonymous_121)
FN:1,(anonymous_122)
FN:1,(anonymous_123)
FN:1,(anonymous_124)
FN:1,(anonymous_125)
FN:1,(anonymous_126)
FN:1,(anonymous_127)
FN:1,(anonymous_128)
FN:1,(anonymous_129)
FN:1,(anonymous_130)
FN:1,(anonymous_131)
FN:1,a
FN:1,s
FN:1,(anonymous_134)
FN:1,(anonymous_135)
FN:1,(anonymous_136)
FN:1,(anonymous_137)
FN:1,(anonymous_138)
FN:1,(anonymous_139)
FN:1,(anonymous_140)
FN:1,(anonymous_141)
FN:1,(anonymous_142)
FN:1,(anonymous_143)
FN:1,(anonymous_144)
FN:1,(anonymous_145)
FN:1,l
FN:1,(anonymous_147)
FN:1,(anonymous_148)
FN:1,f
FN:1,d
FN:1,p
FN:1,(anonymous_152)
FN:1,(anonymous_153)
FN:1,(anonymous_154)
FN:1,(anonymous_155)
FN:1,(anonymous_156)
FN:1,(anonymous_157)
FN:1,(anonymous_158)
FN:1,(anonymous_159)
FN:1,(anonymous_160)
FN:1,(anonymous_161)
FN:1,(anonymous_162)
FN:1,(anonymous_163)
FN:1,(anonymous_164)
FN:1,(anonymous_165)
FN:1,v
FN:1,(anonymous_167)
FN:1,(anonymous_168)
FN:1,(anonymous_169)
FN:1,(anonymous_170)
FN:1,(anonymous_171)
FN:1,(anonymous_172)
FN:1,(anonymous_173)
FN:1,(anonymous_174)
FN:1,(anonymous_175)
FN:1,(anonymous_176)
FN:1,n
FN:1,i
FN:1,(anonymous_179)
FN:1,o
FN:1,(anonymous_181)
FN:1,(anonymous_182)
FN:1,(anonymous_183)
FN:1,(anonymous_184)
FN:1,(anonymous_185)
FN:1,(anonymous_186)
FN:1,(anonymous_187)
FN:1,(anonymous_188)
FN:1,(anonymous_189)
FN:1,(anonymous_190)
FN:1,(anonymous_191)
FN:1,y
FN:1,w
FN:1,(anonymous_194)
FN:1,o
FN:1,(anonymous_196)
FN:1,(anonymous_197)
FN:1,(anonymous_198)
FN:1,(anonymous_199)
FN:1,(anonymous_200)
FN:1,n
FN:1,(anonymous_202)
FN:1,(anonymous_203)
FN:1,(anonymous_204)
FN:1,(anonymous_205)
FN:1,(anonymous_206)
FN:1,(anonymous_207)
FN:1,(anonymous_208)
FN:1,(anonymous_209)
FN:1,(anonymous_210)
FN:1,(anonymous_211)
FN:1,(anonymous_212)
FN:1,(anonymous_213)
FN:1,(anonymous_214)
FN:1,(anonymous_215)
FN:1,(anonymous_216)
FN:1,(anonymous_217)
FN:1,(anonymous_218)
FN:1,(anonymous_219)
FN:1,(anonymous_220)
FN:1,(anonymous_221)
FN:1,(anonymous_222)
FN:1,(anonymous_223)
FN:1,(anonymous_224)
FN:1,(anonymous_225)
FN:1,(anonymous_226)
FN:1,(anonymous_227)
FN:1,(anonymous_228)
FN:1,(anonymous_229)
FN:1,(anonymous_230)
FN:1,(anonymous_231)
FN:1,(anonymous_232)
FN:1,(anonymous_233)
FN:1,(anonymous_234)
FN:1,c
FN:1,u
FN:1,(anonymous_237)
FN:1,l
FN:1,(anonymous_239)
FN:1,(anonymous_240)
FN:1,n
FN:1,(anonymous_242)
FN:1,(anonymous_243)
FN:1,(anonymous_244)
FN:1,(anonymous_245)
FN:1,(anonymous_246)
FN:1,(anonymous_247)
FN:1,(anonymous_248)
FN:1,(anonymous_249)
FN:1,(anonymous_250)
FN:1,h
FN:1,c
FN:1,u
FN:1,l
FN:1,f
FN:1,(anonymous_256)
FN:1,(anonymous_257)
FN:1,t
FN:1,(anonymous_259)
FN:1,n
FN:1,(anonymous_261)
FN:1,(anonymous_262)
FN:1,i
FN:1,(anonymous_264)
FN:1,a
FN:1,(anonymous_266)
FN:1,(anonymous_267)
FN:1,(anonymous_268)
FN:1,(anonymous_269)
FN:1,(anonymous_270)
FN:1,(anonymous_271)
FN:1,(anonymous_272)
FN:1,(anonymous_273)
FN:1,(anonymous_274)
FN:1,(anonymous_275)
FN:1,_
FN:1,b
FN:1,y
FN:1,(anonymous_279)
FN:1,(anonymous_280)
FN:1,(anonymous_281)
FN:1,(anonymous_282)
FN:1,v
FN:1,(anonymous_284)
FN:1,(anonymous_285)
FN:1,(anonymous_286)
FN:1,(anonymous_287)
FN:1,(anonymous_288)
FN:1,(anonymous_289)
FN:1,(anonymous_290)
FN:1,k
FN:1,(anonymous_292)
FN:1,x
FN:1,S
FN:1,E
FN:1,A
FN:1,C
FN:1,O
FN:1,T
FN:1,I
FN:1,(anonymous_301)
FN:1,(anonymous_302)
FN:1,(anonymous_303)
FN:1,R
FN:1,z
FN:1,B
FN:1,(anonymous_307)
FN:1,(anonymous_308)
FN:1,(anonymous_309)
FN:1,h
FN:1,e
FN:1,(anonymous_312)
FN:1,(anonymous_313)
FN:1,d
FN:1,p
FN:1,m
FN:1,g
FN:1,_
FN:1,(anonymous_319)
FN:1,(anonymous_320)
FN:1,(anonymous_321)
FN:1,(anonymous_322)
FN:1,(anonymous_323)
FN:1,(anonymous_324)
FN:1,(anonymous_325)
FN:1,(anonymous_326)
FN:1,(anonymous_327)
FN:1,(anonymous_328)
FN:1,(anonymous_329)
FN:1,(anonymous_330)
FN:1,(anonymous_331)
FN:1,(anonymous_332)
FN:1,(anonymous_333)
FN:1,i
FN:1,(anonymous_335)
FN:1,(anonymous_336)
FN:1,(anonymous_337)
FN:1,(anonymous_338)
FN:1,i
FN:1,(anonymous_340)
FN:1,(anonymous_341)
FN:1,(anonymous_342)
FN:1,p
FN:1,m
FN:1,(anonymous_345)
FN:1,(anonymous_346)
FN:1,(anonymous_347)
FN:1,(anonymous_348)
FN:1,g
FN:1,_
FN:1,b
FN:1,(anonymous_352)
FN:1,y
FN:1,v
FN:1,w
FN:1,(anonymous_356)
FN:1,k
FN:1,(anonymous_358)
FN:1,(anonymous_359)
FN:1,(anonymous_360)
FN:1,(anonymous_361)
FN:1,(anonymous_362)
FN:1,(anonymous_363)
FN:1,(anonymous_364)
FN:1,(anonymous_365)
FN:1,(anonymous_366)
FN:1,(anonymous_367)
FN:1,(anonymous_368)
FN:1,(anonymous_369)
FN:1,(anonymous_370)
FN:1,(anonymous_371)
FN:1,(anonymous_372)
FN:1,(anonymous_373)
FN:1,(anonymous_374)
FN:1,(anonymous_375)
FN:1,(anonymous_376)
FN:1,(anonymous_377)
FN:1,(anonymous_378)
FN:1,(anonymous_379)
FN:1,(anonymous_380)
FN:1,(anonymous_381)
FN:1,(anonymous_382)
FN:1,a
FN:1,(anonymous_384)
FN:1,(anonymous_385)
FN:1,s
FN:1,o
FN:1,(anonymous_388)
FN:1,h
FN:1,c
FN:1,u
FN:1,l
FN:1,f
FN:1,d
FN:1,(anonymous_395)
FN:1,(anonymous_396)
FN:1,(anonymous_397)
FN:1,(anonymous_398)
FN:1,(anonymous_399)
FN:1,(anonymous_400)
FN:1,a
FN:1,s
FN:1,o
FN:1,(anonymous_404)
FN:1,h
FN:1,(anonymous_406)
FN:1,(anonymous_407)
FN:1,(anonymous_408)
FN:1,(anonymous_409)
FN:1,(anonymous_410)
FN:1,(anonymous_411)
FN:1,(anonymous_412)
FN:1,(anonymous_413)
FN:1,(anonymous_414)
FN:1,(anonymous_415)
FN:1,u
FN:1,(anonymous_417)
FN:1,(anonymous_418)
FN:1,(anonymous_419)
FN:1,(anonymous_420)
FN:1,(anonymous_421)
FN:1,(anonymous_422)
FN:1,(anonymous_423)
FN:1,(anonymous_424)
FN:1,(anonymous_425)
FN:1,(anonymous_426)
FN:1,(anonymous_427)
FN:1,(anonymous_428)
FN:1,(anonymous_429)
FN:1,(anonymous_430)
FN:1,(anonymous_431)
FN:1,(anonymous_432)
FN:1,a
FN:1,(anonymous_434)
FN:1,(anonymous_435)
FN:1,(anonymous_436)
FN:1,(anonymous_437)
FN:1,(anonymous_438)
FN:1,(anonymous_439)
FN:1,(anonymous_440)
FN:1,a
FN:1,(anonymous_442)
FN:1,(anonymous_443)
FN:1,a
FN:1,(anonymous_445)
FN:1,(anonymous_446)
FN:1,(anonymous_447)
FN:1,(anonymous_448)
FN:1,(anonymous_449)
FN:1,(anonymous_450)
FN:1,(anonymous_451)
FN:1,(anonymous_452)
FN:1,(anonymous_453)
FN:1,(anonymous_454)
FN:1,h
FN:1,(anonymous_456)
FN:1,(anonymous_457)
FN:1,(anonymous_458)
FN:1,(anonymous_459)
FN:1,(anonymous_460)
FN:1,(anonymous_461)
FN:1,(anonymous_462)
FN:1,(anonymous_463)
FN:1,(anonymous_464)
FN:1,(anonymous_465)
FN:1,(anonymous_466)
FN:1,(anonymous_467)
FN:1,i
FN:1,(anonymous_469)
FN:1,(anonymous_470)
FN:1,(anonymous_471)
FN:1,(anonymous_472)
FN:1,(anonymous_473)
FN:1,i
FN:1,(anonymous_475)
FN:1,(anonymous_476)
FN:1,(anonymous_477)
FN:1,(anonymous_478)
FN:1,(anonymous_479)
FN:1,(anonymous_480)
FN:1,(anonymous_481)
FN:1,(anonymous_482)
FN:1,(anonymous_483)
FN:1,(anonymous_484)
FN:1,(anonymous_485)
FN:1,(anonymous_486)
FN:1,i
FN:1,(anonymous_488)
FN:1,(anonymous_489)
FN:1,l
FN:1,(anonymous_491)
FN:1,f
FN:1,h
FN:1,(anonymous_494)
FN:1,n
FN:1,(anonymous_496)
FN:1,(anonymous_497)
FN:1,(anonymous_498)
FN:1,d
FN:1,(anonymous_500)
FN:1,(anonymous_501)
FN:1,p
FN:1,(anonymous_503)
FN:1,(anonymous_504)
FN:1,m
FN:1,g
FN:1,(anonymous_507)
FN:1,(anonymous_508)
FN:1,(anonymous_509)
FN:1,(anonymous_510)
FN:1,(anonymous_511)
FN:1,_
FN:1,b
FN:1,(anonymous_514)
FN:1,(anonymous_515)
FN:1,(anonymous_516)
FN:1,(anonymous_517)
FN:1,(anonymous_518)
FN:1,(anonymous_519)
FN:1,e
FN:1,(anonymous_521)
FN:1,(anonymous_522)
FN:1,(anonymous_523)
FN:1,(anonymous_524)
FN:1,(anonymous_525)
FN:1,(anonymous_526)
FN:1,(anonymous_527)
FN:1,(anonymous_528)
FN:1,o
FN:1,(anonymous_530)
FN:1,(anonymous_531)
FN:1,r
FN:1,(anonymous_533)
FN:1,p
FN:1,(anonymous_535)
FN:1,g
FN:1,(anonymous_537)
FN:1,_
FN:1,b
FN:1,(anonymous_540)
FN:1,(anonymous_541)
FN:1,y
FN:1,v
FN:1,(anonymous_544)
FN:1,(anonymous_545)
FN:1,t
FN:1,t
FN:1,(anonymous_548)
FN:1,(anonymous_549)
FN:1,(anonymous_550)
FN:1,u
FN:1,l
FN:1,f
FN:1,d
FN:1,p
FN:1,m
FN:1,(anonymous_557)
FN:1,(anonymous_558)
FN:1,(anonymous_559)
FN:1,(anonymous_560)
FN:1,n
FN:1,i
FN:1,a
FN:1,(anonymous_564)
FN:1,(anonymous_565)
FN:1,(anonymous_566)
FN:1,(anonymous_567)
FN:1,(anonymous_568)
FN:1,p
FN:1,m
FN:1,(anonymous_571)
FN:1,(anonymous_572)
FN:1,(anonymous_573)
FN:1,(anonymous_574)
FN:1,(anonymous_575)
FN:1,(anonymous_576)
FN:1,(anonymous_577)
FN:1,(anonymous_578)
FN:1,(anonymous_579)
FN:1,(anonymous_580)
FN:1,(anonymous_581)
FN:1,(anonymous_582)
FN:1,(anonymous_583)
FN:1,(anonymous_584)
FN:1,(anonymous_585)
FN:1,(anonymous_586)
FN:1,(anonymous_587)
FN:1,e
FN:1,(anonymous_589)
FN:1,(anonymous_590)
FN:1,(anonymous_591)
FN:1,n
FN:1,(anonymous_593)
FN:1,(anonymous_594)
FN:1,(anonymous_595)
FN:1,(anonymous_596)
FN:1,(anonymous_597)
FN:1,(anonymous_598)
FN:1,(anonymous_599)
FN:1,_
FN:1,(anonymous_601)
FN:1,(anonymous_602)
FN:1,(anonymous_603)
FN:1,(anonymous_604)
FN:1,(anonymous_605)
FN:1,(anonymous_606)
FN:1,(anonymous_607)
FN:1,(anonymous_608)
FN:1,(anonymous_609)
FN:1,(anonymous_610)
FN:1,(anonymous_611)
FN:1,(anonymous_612)
FN:1,(anonymous_613)
FN:1,(anonymous_614)
FN:1,(anonymous_615)
FN:1,(anonymous_616)
FN:1,(anonymous_617)
FN:1,(anonymous_618)
FN:1,t
FN:1,(anonymous_620)
FN:1,(anonymous_621)
FN:1,(anonymous_622)
FN:1,(anonymous_623)
FN:1,(anonymous_624)
FN:1,(anonymous_625)
FN:1,(anonymous_626)
FN:1,(anonymous_627)
FN:1,(anonymous_628)
FN:1,(anonymous_629)
FN:1,a
FN:1,(anonymous_631)
FN:1,(anonymous_632)
FN:1,(anonymous_633)
FN:1,(anonymous_634)
FN:1,i
FN:1,u
FN:1,l
FN:1,f
FN:1,(anonymous_639)
FN:1,d
FN:1,(anonymous_641)
FN:1,p
FN:1,n
FN:1,i
FN:1,(anonymous_645)
FN:1,m
FN:1,(anonymous_647)
FN:1,(anonymous_648)
FN:1,(anonymous_649)
FN:1,(anonymous_650)
FN:1,(anonymous_651)
FN:1,(anonymous_652)
FN:1,(anonymous_653)
FN:1,(anonymous_654)
FN:1,(anonymous_655)
FN:1,(anonymous_656)
FN:1,(anonymous_657)
FN:1,(anonymous_658)
FN:1,(anonymous_659)
FN:1,(anonymous_660)
FN:1,(anonymous_661)
FN:1,(anonymous_662)
FN:1,(anonymous_663)
FN:1,u
FN:1,(anonymous_665)
FN:1,(anonymous_666)
FN:1,(anonymous_667)
FN:1,(anonymous_668)
FN:1,(anonymous_669)
FN:1,(anonymous_670)
FN:1,(anonymous_671)
FN:1,(anonymous_672)
FN:1,(anonymous_673)
FN:1,(anonymous_674)
FN:1,(anonymous_675)
FN:1,(anonymous_676)
FN:1,l
FN:1,(anonymous_678)
FN:1,(anonymous_679)
FN:1,a
FN:1,(anonymous_681)
FN:1,(anonymous_682)
FN:1,i
FN:1,(anonymous_684)
FN:1,(anonymous_685)
FN:1,(anonymous_686)
FN:1,(anonymous_687)
FN:1,(anonymous_688)
FN:1,(anonymous_689)
FN:1,(anonymous_690)
FN:1,(anonymous_691)
FN:1,(anonymous_692)
FN:1,(anonymous_693)
FN:1,(anonymous_694)
FN:1,(anonymous_695)
FN:1,(anonymous_696)
FN:1,(anonymous_697)
FN:1,(anonymous_698)
FN:1,(anonymous_699)
FN:1,h
FN:1,(anonymous_701)
FN:1,(anonymous_702)
FN:1,(anonymous_703)
FN:1,(anonymous_704)
FN:1,(anonymous_705)
FN:1,(anonymous_706)
FN:1,(anonymous_707)
FN:1,(anonymous_708)
FN:1,(anonymous_709)
FN:1,d
FN:1,p
FN:1,(anonymous_712)
FN:1,(anonymous_713)
FN:1,(anonymous_714)
FN:1,(anonymous_715)
FN:1,(anonymous_716)
FN:1,(anonymous_717)
FN:1,j
FN:1,D
FN:1,L
FN:1,P
FN:1,F
FN:1,M
FN:1,U
FN:1,W
FN:1,Z
FN:1,q
FN:1,H
FN:1,G
FN:1,Y
FN:1,K
FN:1,$
FN:1,X
FN:1,(anonymous_734)
FN:1,(anonymous_735)
FN:1,(anonymous_736)
FN:1,(anonymous_737)
FN:1,(anonymous_738)
FN:1,(anonymous_739)
FN:1,(anonymous_740)
FN:1,(anonymous_741)
FN:1,(anonymous_742)
FN:1,i
FN:1,I
FN:1,R
FN:1,z
FN:1,B
FN:1,N
FN:1,j
FN:1,D
FN:1,L
FN:1,P
FN:1,F
FN:1,M
FN:1,U
FN:1,W
FN:1,Z
FN:1,(anonymous_758)
FN:1,q
FN:1,H
FN:1,Y
FN:1,(anonymous_762)
FN:1,(anonymous_763)
FN:1,(anonymous_764)
FN:1,(anonymous_765)
FN:1,(anonymous_766)
FN:1,(anonymous_767)
FN:1,(anonymous_768)
FN:1,(anonymous_769)
FN:1,(anonymous_770)
FN:1,(anonymous_771)
FN:1,(anonymous_772)
FN:1,l
FN:1,f
FN:1,(anonymous_775)
FN:1,(anonymous_776)
FN:1,(anonymous_777)
FN:1,(anonymous_778)
FN:1,(anonymous_779)
FN:1,_
FN:1,b
FN:1,y
FN:1,v
FN:1,w
FN:1,k
FN:1,A
FN:1,C
FN:1,(anonymous_788)
FN:1,(anonymous_789)
FN:1,(anonymous_790)
FN:1,(anonymous_791)
FN:1,(anonymous_792)
FN:1,(anonymous_793)
FN:1,(anonymous_794)
FN:1,(anonymous_795)
FN:1,(anonymous_796)
FN:1,(anonymous_797)
FN:1,(anonymous_798)
FN:1,(anonymous_799)
FN:1,(anonymous_800)
FN:1,(anonymous_801)
FN:1,(anonymous_802)
FN:1,l
FN:1,(anonymous_804)
FN:1,(anonymous_805)
FN:1,(anonymous_806)
FN:1,(anonymous_807)
FN:1,(anonymous_808)
FN:1,(anonymous_809)
FN:1,(anonymous_810)
FN:1,(anonymous_811)
FN:1,(anonymous_812)
FN:1,(anonymous_813)
FN:1,(anonymous_814)
FN:1,(anonymous_815)
FN:1,(anonymous_816)
FN:1,(anonymous_817)
FN:1,a
FN:1,(anonymous_819)
FN:1,(anonymous_820)
FN:1,(anonymous_821)
FN:1,(anonymous_822)
FN:1,(anonymous_823)
FN:1,(anonymous_824)
FN:1,(anonymous_825)
FN:1,c
FN:1,(anonymous_827)
FN:1,(anonymous_828)
FN:1,(anonymous_829)
FN:1,(anonymous_830)
FN:1,(anonymous_831)
FN:1,(anonymous_832)
FN:1,(anonymous_833)
FN:1,(anonymous_834)
FN:1,h
FN:1,(anonymous_836)
FN:1,(anonymous_837)
FN:1,(anonymous_838)
FN:1,(anonymous_839)
FN:1,(anonymous_840)
FN:1,(anonymous_841)
FN:1,(anonymous_842)
FN:1,(anonymous_843)
FN:1,(anonymous_844)
FN:1,(anonymous_845)
FN:1,(anonymous_846)
FN:1,i
FN:1,(anonymous_848)
FN:1,(anonymous_849)
FN:1,(anonymous_850)
FN:1,(anonymous_851)
FN:1,(anonymous_852)
FN:1,i
FN:1,(anonymous_854)
FN:1,(anonymous_855)
FN:1,u
FN:1,(anonymous_857)
FN:1,(anonymous_858)
FN:1,(anonymous_859)
FN:1,(anonymous_860)
FN:1,(anonymous_861)
FN:1,(anonymous_862)
FN:1,(anonymous_863)
FN:1,(anonymous_864)
FN:1,(anonymous_865)
FN:1,(anonymous_866)
FN:1,(anonymous_867)
FN:1,(anonymous_868)
FN:1,s
FN:1,(anonymous_870)
FN:1,(anonymous_871)
FN:1,(anonymous_872)
FN:1,(anonymous_873)
FN:1,t
FN:1,(anonymous_875)
FN:1,(anonymous_876)
FN:1,(anonymous_877)
FN:1,p
FN:1,(anonymous_879)
FN:1,(anonymous_880)
FN:1,(anonymous_881)
FN:1,(anonymous_882)
FN:1,(anonymous_883)
FN:1,(anonymous_884)
FN:1,(anonymous_885)
FN:1,(anonymous_886)
FN:1,(anonymous_887)
FN:1,O
FN:1,T
FN:1,I
FN:1,R
FN:1,z
FN:1,B
FN:1,N
FN:1,j
FN:1,a
FN:1,(anonymous_897)
FN:1,D
FN:1,L
FN:1,P
FN:1,(anonymous_901)
FN:1,(anonymous_902)
FN:1,(anonymous_903)
FN:1,(anonymous_904)
FN:1,(anonymous_905)
FN:1,(anonymous_906)
FN:1,(anonymous_907)
FN:1,(anonymous_908)
FN:1,(anonymous_909)
FN:1,(anonymous_910)
FN:1,(anonymous_911)
FN:1,a
FN:1,(anonymous_913)
FN:1,(anonymous_914)
FN:1,(anonymous_915)
FN:1,(anonymous_916)
FN:1,(anonymous_917)
FN:1,(anonymous_918)
FN:1,(anonymous_919)
FN:1,(anonymous_920)
FN:1,(anonymous_921)
FN:1,(anonymous_922)
FN:1,t
FN:1,U
FN:1,W
FN:1,Z
FN:1,(anonymous_927)
FN:1,q
FN:1,(anonymous_929)
FN:1,H
FN:1,n
FN:1,t
FN:1,G
FN:1,Y
FN:1,K
FN:1,(anonymous_936)
FN:1,$
FN:1,X
FN:1,(anonymous_939)
FN:1,(anonymous_940)
FN:1,(anonymous_941)
FN:1,(anonymous_942)
FN:1,(anonymous_943)
FN:1,g
FN:1,(anonymous_945)
FN:1,(anonymous_946)
FN:1,(anonymous_947)
FN:1,(anonymous_948)
FNF:949
FNH:0
FNDA:0,(anonymous_0)
FNDA:0,r
FNDA:0,(anonymous_2)
FNDA:0,(anonymous_3)
FNDA:0,(anonymous_4)
FNDA:0,(anonymous_5)
FNDA:0,(anonymous_6)
FNDA:0,(anonymous_7)
FNDA:0,(anonymous_8)
FNDA:0,(anonymous_9)
FNDA:0,(anonymous_10)
FNDA:0,(anonymous_11)
FNDA:0,h
FNDA:0,c
FNDA:0,(anonymous_14)
FNDA:0,(anonymous_15)
FNDA:0,(anonymous_16)
FNDA:0,(anonymous_17)
FNDA:0,(anonymous_18)
FNDA:0,l
FNDA:0,f
FNDA:0,(anonymous_21)
FNDA:0,(anonymous_22)
FNDA:0,(anonymous_23)
FNDA:0,(anonymous_24)
FNDA:0,(anonymous_25)
FNDA:0,(anonymous_26)
FNDA:0,(anonymous_27)
FNDA:0,(anonymous_28)
FNDA:0,(anonymous_29)
FNDA:0,(anonymous_30)
FNDA:0,(anonymous_31)
FNDA:0,(anonymous_32)
FNDA:0,(anonymous_33)
FNDA:0,(anonymous_34)
FNDA:0,(anonymous_35)
FNDA:0,(anonymous_36)
FNDA:0,(anonymous_37)
FNDA:0,(anonymous_38)
FNDA:0,(anonymous_39)
FNDA:0,(anonymous_40)
FNDA:0,(anonymous_41)
FNDA:0,(anonymous_42)
FNDA:0,(anonymous_43)
FNDA:0,(anonymous_44)
FNDA:0,(anonymous_45)
FNDA:0,(anonymous_46)
FNDA:0,(anonymous_47)
FNDA:0,(anonymous_48)
FNDA:0,(anonymous_49)
FNDA:0,(anonymous_50)
FNDA:0,(anonymous_51)
FNDA:0,(anonymous_52)
FNDA:0,(anonymous_53)
FNDA:0,(anonymous_54)
FNDA:0,(anonymous_55)
FNDA:0,n
FNDA:0,(anonymous_57)
FNDA:0,(anonymous_58)
FNDA:0,(anonymous_59)
FNDA:0,(anonymous_60)
FNDA:0,(anonymous_61)
FNDA:0,(anonymous_62)
FNDA:0,(anonymous_63)
FNDA:0,(anonymous_64)
FNDA:0,(anonymous_65)
FNDA:0,(anonymous_66)
FNDA:0,(anonymous_67)
FNDA:0,(anonymous_68)
FNDA:0,(anonymous_69)
FNDA:0,(anonymous_70)
FNDA:0,(anonymous_71)
FNDA:0,(anonymous_72)
FNDA:0,(anonymous_73)
FNDA:0,(anonymous_74)
FNDA:0,(anonymous_75)
FNDA:0,(anonymous_76)
FNDA:0,(anonymous_77)
FNDA:0,i
FNDA:0,(anonymous_79)
FNDA:0,(anonymous_80)
FNDA:0,(anonymous_81)
FNDA:0,(anonymous_82)
FNDA:0,(anonymous_83)
FNDA:0,(anonymous_84)
FNDA:0,(anonymous_85)
FNDA:0,(anonymous_86)
FNDA:0,(anonymous_87)
FNDA:0,(anonymous_88)
FNDA:0,c
FNDA:0,u
FNDA:0,(anonymous_91)
FNDA:0,(anonymous_92)
FNDA:0,(anonymous_93)
FNDA:0,(anonymous_94)
FNDA:0,(anonymous_95)
FNDA:0,(anonymous_96)
FNDA:0,(anonymous_97)
FNDA:0,(anonymous_98)
FNDA:0,(anonymous_99)
FNDA:0,(anonymous_100)
FNDA:0,l
FNDA:0,f
FNDA:0,d
FNDA:0,(anonymous_104)
FNDA:0,(anonymous_105)
FNDA:0,(anonymous_106)
FNDA:0,(anonymous_107)
FNDA:0,(anonymous_108)
FNDA:0,r
FNDA:0,(anonymous_110)
FNDA:0,(anonymous_111)
FNDA:0,(anonymous_112)
FNDA:0,(anonymous_113)
FNDA:0,(anonymous_114)
FNDA:0,(anonymous_115)
FNDA:0,(anonymous_116)
FNDA:0,(anonymous_117)
FNDA:0,(anonymous_118)
FNDA:0,(anonymous_119)
FNDA:0,(anonymous_120)
FNDA:0,(anonymous_121)
FNDA:0,(anonymous_122)
FNDA:0,(anonymous_123)
FNDA:0,(anonymous_124)
FNDA:0,(anonymous_125)
FNDA:0,(anonymous_126)
FNDA:0,(anonymous_127)
FNDA:0,(anonymous_128)
FNDA:0,(anonymous_129)
FNDA:0,(anonymous_130)
FNDA:0,(anonymous_131)
FNDA:0,a
FNDA:0,s
FNDA:0,(anonymous_134)
FNDA:0,(anonymous_135)
FNDA:0,(anonymous_136)
FNDA:0,(anonymous_137)
FNDA:0,(anonymous_138)
FNDA:0,(anonymous_139)
FNDA:0,(anonymous_140)
FNDA:0,(anonymous_141)
FNDA:0,(anonymous_142)
FNDA:0,(anonymous_143)
FNDA:0,(anonymous_144)
FNDA:0,(anonymous_145)
FNDA:0,l
FNDA:0,(anonymous_147)
FNDA:0,(anonymous_148)
FNDA:0,f
FNDA:0,d
FNDA:0,p
FNDA:0,(anonymous_152)
FNDA:0,(anonymous_153)
FNDA:0,(anonymous_154)
FNDA:0,(anonymous_155)
FNDA:0,(anonymous_156)
FNDA:0,(anonymous_157)
FNDA:0,(anonymous_158)
FNDA:0,(anonymous_159)
FNDA:0,(anonymous_160)
FNDA:0,(anonymous_161)
FNDA:0,(anonymous_162)
FNDA:0,(anonymous_163)
FNDA:0,(anonymous_164)
FNDA:0,(anonymous_165)
FNDA:0,v
FNDA:0,(anonymous_167)
FNDA:0,(anonymous_168)
FNDA:0,(anonymous_169)
FNDA:0,(anonymous_170)
FNDA:0,(anonymous_171)
FNDA:0,(anonymous_172)
FNDA:0,(anonymous_173)
FNDA:0,(anonymous_174)
FNDA:0,(anonymous_175)
FNDA:0,(anonymous_176)
FNDA:0,n
FNDA:0,i
FNDA:0,(anonymous_179)
FNDA:0,o
FNDA:0,(anonymous_181)
FNDA:0,(anonymous_182)
FNDA:0,(anonymous_183)
FNDA:0,(anonymous_184)
FNDA:0,(anonymous_185)
FNDA:0,(anonymous_186)
FNDA:0,(anonymous_187)
FNDA:0,(anonymous_188)
FNDA:0,(anonymous_189)
FNDA:0,(anonymous_190)
FNDA:0,(anonymous_191)
FNDA:0,y
FNDA:0,w
FNDA:0,(anonymous_194)
FNDA:0,o
FNDA:0,(anonymous_196)
FNDA:0,(anonymous_197)
FNDA:0,(anonymous_198)
FNDA:0,(anonymous_199)
FNDA:0,(anonymous_200)
FNDA:0,n
FNDA:0,(anonymous_202)
FNDA:0,(anonymous_203)
FNDA:0,(anonymous_204)
FNDA:0,(anonymous_205)
FNDA:0,(anonymous_206)
FNDA:0,(anonymous_207)
FNDA:0,(anonymous_208)
FNDA:0,(anonymous_209)
FNDA:0,(anonymous_210)
FNDA:0,(anonymous_211)
FNDA:0,(anonymous_212)
FNDA:0,(anonymous_213)
FNDA:0,(anonymous_214)
FNDA:0,(anonymous_215)
FNDA:0,(anonymous_216)
FNDA:0,(anonymous_217)
FNDA:0,(anonymous_218)
FNDA:0,(anonymous_219)
FNDA:0,(anonymous_220)
FNDA:0,(anonymous_221)
FNDA:0,(anonymous_222)
FNDA:0,(anonymous_223)
FNDA:0,(anonymous_224)
FNDA:0,(anonymous_225)
FNDA:0,(anonymous_226)
FNDA:0,(anonymous_227)
FNDA:0,(anonymous_228)
FNDA:0,(anonymous_229)
FNDA:0,(anonymous_230)
FNDA:0,(anonymous_231)
FNDA:0,(anonymous_232)
FNDA:0,(anonymous_233)
FNDA:0,(anonymous_234)
FNDA:0,c
FNDA:0,u
FNDA:0,(anonymous_237)
FNDA:0,l
FNDA:0,(anonymous_239)
FNDA:0,(anonymous_240)
FNDA:0,n
FNDA:0,(anonymous_242)
FNDA:0,(anonymous_243)
FNDA:0,(anonymous_244)
FNDA:0,(anonymous_245)
FNDA:0,(anonymous_246)
FNDA:0,(anonymous_247)
FNDA:0,(anonymous_248)
FNDA:0,(anonymous_249)
FNDA:0,(anonymous_250)
FNDA:0,h
FNDA:0,c
FNDA:0,u
FNDA:0,l
FNDA:0,f
FNDA:0,(anonymous_256)
FNDA:0,(anonymous_257)
FNDA:0,t
FNDA:0,(anonymous_259)
FNDA:0,n
FNDA:0,(anonymous_261)
FNDA:0,(anonymous_262)
FNDA:0,i
FNDA:0,(anonymous_264)
FNDA:0,a
FNDA:0,(anonymous_266)
FNDA:0,(anonymous_267)
FNDA:0,(anonymous_268)
FNDA:0,(anonymous_269)
FNDA:0,(anonymous_270)
FNDA:0,(anonymous_271)
FNDA:0,(anonymous_272)
FNDA:0,(anonymous_273)
FNDA:0,(anonymous_274)
FNDA:0,(anonymous_275)
FNDA:0,_
FNDA:0,b
FNDA:0,y
FNDA:0,(anonymous_279)
FNDA:0,(anonymous_280)
FNDA:0,(anonymous_281)
FNDA:0,(anonymous_282)
FNDA:0,v
FNDA:0,(anonymous_284)
FNDA:0,(anonymous_285)
FNDA:0,(anonymous_286)
FNDA:0,(anonymous_287)
FNDA:0,(anonymous_288)
FNDA:0,(anonymous_289)
FNDA:0,(anonymous_290)
FNDA:0,k
FNDA:0,(anonymous_292)
FNDA:0,x
FNDA:0,S
FNDA:0,E
FNDA:0,A
FNDA:0,C
FNDA:0,O
FNDA:0,T
FNDA:0,I
FNDA:0,(anonymous_301)
FNDA:0,(anonymous_302)
FNDA:0,(anonymous_303)
FNDA:0,R
FNDA:0,z
FNDA:0,B
FNDA:0,(anonymous_307)
FNDA:0,(anonymous_308)
FNDA:0,(anonymous_309)
FNDA:0,h
FNDA:0,e
FNDA:0,(anonymous_312)
FNDA:0,(anonymous_313)
FNDA:0,d
FNDA:0,p
FNDA:0,m
FNDA:0,g
FNDA:0,_
FNDA:0,(anonymous_319)
FNDA:0,(anonymous_320)
FNDA:0,(anonymous_321)
FNDA:0,(anonymous_322)
FNDA:0,(anonymous_323)
FNDA:0,(anonymous_324)
FNDA:0,(anonymous_325)
FNDA:0,(anonymous_326)
FNDA:0,(anonymous_327)
FNDA:0,(anonymous_328)
FNDA:0,(anonymous_329)
FNDA:0,(anonymous_330)
FNDA:0,(anonymous_331)
FNDA:0,(anonymous_332)
FNDA:0,(anonymous_333)
FNDA:0,i
FNDA:0,(anonymous_335)
FNDA:0,(anonymous_336)
FNDA:0,(anonymous_337)
FNDA:0,(anonymous_338)
FNDA:0,i
FNDA:0,(anonymous_340)
FNDA:0,(anonymous_341)
FNDA:0,(anonymous_342)
FNDA:0,p
FNDA:0,m
FNDA:0,(anonymous_345)
FNDA:0,(anonymous_346)
FNDA:0,(anonymous_347)
FNDA:0,(anonymous_348)
FNDA:0,g
FNDA:0,_
FNDA:0,b
FNDA:0,(anonymous_352)
FNDA:0,y
FNDA:0,v
FNDA:0,w
FNDA:0,(anonymous_356)
FNDA:0,k
FNDA:0,(anonymous_358)
FNDA:0,(anonymous_359)
FNDA:0,(anonymous_360)
FNDA:0,(anonymous_361)
FNDA:0,(anonymous_362)
FNDA:0,(anonymous_363)
FNDA:0,(anonymous_364)
FNDA:0,(anonymous_365)
FNDA:0,(anonymous_366)
FNDA:0,(anonymous_367)
FNDA:0,(anonymous_368)
FNDA:0,(anonymous_369)
FNDA:0,(anonymous_370)
FNDA:0,(anonymous_371)
FNDA:0,(anonymous_372)
FNDA:0,(anonymous_373)
FNDA:0,(anonymous_374)
FNDA:0,(anonymous_375)
FNDA:0,(anonymous_376)
FNDA:0,(anonymous_377)
FNDA:0,(anonymous_378)
FNDA:0,(anonymous_379)
FNDA:0,(anonymous_380)
FNDA:0,(anonymous_381)
FNDA:0,(anonymous_382)
FNDA:0,a
FNDA:0,(anonymous_384)
FNDA:0,(anonymous_385)
FNDA:0,s
FNDA:0,o
FNDA:0,(anonymous_388)
FNDA:0,h
FNDA:0,c
FNDA:0,u
FNDA:0,l
FNDA:0,f
FNDA:0,d
FNDA:0,(anonymous_395)
FNDA:0,(anonymous_396)
FNDA:0,(anonymous_397)
FNDA:0,(anonymous_398)
FNDA:0,(anonymous_399)
FNDA:0,(anonymous_400)
FNDA:0,a
FNDA:0,s
FNDA:0,o
FNDA:0,(anonymous_404)
FNDA:0,h
FNDA:0,(anonymous_406)
FNDA:0,(anonymous_407)
FNDA:0,(anonymous_408)
FNDA:0,(anonymous_409)
FNDA:0,(anonymous_410)
FNDA:0,(anonymous_411)
FNDA:0,(anonymous_412)
FNDA:0,(anonymous_413)
FNDA:0,(anonymous_414)
FNDA:0,(anonymous_415)
FNDA:0,u
FNDA:0,(anonymous_417)
FNDA:0,(anonymous_418)
FNDA:0,(anonymous_419)
FNDA:0,(anonymous_420)
FNDA:0,(anonymous_421)
FNDA:0,(anonymous_422)
FNDA:0,(anonymous_423)
FNDA:0,(anonymous_424)
FNDA:0,(anonymous_425)
FNDA:0,(anonymous_426)
FNDA:0,(anonymous_427)
FNDA:0,(anonymous_428)
FNDA:0,(anonymous_429)
FNDA:0,(anonymous_430)
FNDA:0,(anonymous_431)
FNDA:0,(anonymous_432)
FNDA:0,a
FNDA:0,(anonymous_434)
FNDA:0,(anonymous_435)
FNDA:0,(anonymous_436)
FNDA:0,(anonymous_437)
FNDA:0,(anonymous_438)
FNDA:0,(anonymous_439)
FNDA:0,(anonymous_440)
FNDA:0,a
FNDA:0,(anonymous_442)
FNDA:0,(anonymous_443)
FNDA:0,a
FNDA:0,(anonymous_445)
FNDA:0,(anonymous_446)
FNDA:0,(anonymous_447)
FNDA:0,(anonymous_448)
FNDA:0,(anonymous_449)
FNDA:0,(anonymous_450)
FNDA:0,(anonymous_451)
FNDA:0,(anonymous_452)
FNDA:0,(anonymous_453)
FNDA:0,(anonymous_454)
FNDA:0,h
FNDA:0,(anonymous_456)
FNDA:0,(anonymous_457)
FNDA:0,(anonymous_458)
FNDA:0,(anonymous_459)
FNDA:0,(anonymous_460)
FNDA:0,(anonymous_461)
FNDA:0,(anonymous_462)
FNDA:0,(anonymous_463)
FNDA:0,(anonymous_464)
FNDA:0,(anonymous_465)
FNDA:0,(anonymous_466)
FNDA:0,(anonymous_467)
FNDA:0,i
FNDA:0,(anonymous_469)
FNDA:0,(anonymous_470)
FNDA:0,(anonymous_471)
FNDA:0,(anonymous_472)
FNDA:0,(anonymous_473)
FNDA:0,i
FNDA:0,(anonymous_475)
FNDA:0,(anonymous_476)
FNDA:0,(anonymous_477)
FNDA:0,(anonymous_478)
FNDA:0,(anonymous_479)
FNDA:0,(anonymous_480)
FNDA:0,(anonymous_481)
FNDA:0,(anonymous_482)
FNDA:0,(anonymous_483)
FNDA:0,(anonymous_484)
FNDA:0,(anonymous_485)
FNDA:0,(anonymous_486)
FNDA:0,i
FNDA:0,(anonymous_488)
FNDA:0,(anonymous_489)
FNDA:0,l
FNDA:0,(anonymous_491)
FNDA:0,f
FNDA:0,h
FNDA:0,(anonymous_494)
FNDA:0,n
FNDA:0,(anonymous_496)
FNDA:0,(anonymous_497)
FNDA:0,(anonymous_498)
FNDA:0,d
FNDA:0,(anonymous_500)
FNDA:0,(anonymous_501)
FNDA:0,p
FNDA:0,(anonymous_503)
FNDA:0,(anonymous_504)
FNDA:0,m
FNDA:0,g
FNDA:0,(anonymous_507)
FNDA:0,(anonymous_508)
FNDA:0,(anonymous_509)
FNDA:0,(anonymous_510)
FNDA:0,(anonymous_511)
FNDA:0,_
FNDA:0,b
FNDA:0,(anonymous_514)
FNDA:0,(anonymous_515)
FNDA:0,(anonymous_516)
FNDA:0,(anonymous_517)
FNDA:0,(anonymous_518)
FNDA:0,(anonymous_519)
FNDA:0,e
FNDA:0,(anonymous_521)
FNDA:0,(anonymous_522)
FNDA:0,(anonymous_523)
FNDA:0,(anonymous_524)
FNDA:0,(anonymous_525)
FNDA:0,(anonymous_526)
FNDA:0,(anonymous_527)
FNDA:0,(anonymous_528)
FNDA:0,o
FNDA:0,(anonymous_530)
FNDA:0,(anonymous_531)
FNDA:0,r
FNDA:0,(anonymous_533)
FNDA:0,p
FNDA:0,(anonymous_535)
FNDA:0,g
FNDA:0,(anonymous_537)
FNDA:0,_
FNDA:0,b
FNDA:0,(anonymous_540)
FNDA:0,(anonymous_541)
FNDA:0,y
FNDA:0,v
FNDA:0,(anonymous_544)
FNDA:0,(anonymous_545)
FNDA:0,t
FNDA:0,t
FNDA:0,(anonymous_548)
FNDA:0,(anonymous_549)
FNDA:0,(anonymous_550)
FNDA:0,u
FNDA:0,l
FNDA:0,f
FNDA:0,d
FNDA:0,p
FNDA:0,m
FNDA:0,(anonymous_557)
FNDA:0,(anonymous_558)
FNDA:0,(anonymous_559)
FNDA:0,(anonymous_560)
FNDA:0,n
FNDA:0,i
FNDA:0,a
FNDA:0,(anonymous_564)
FNDA:0,(anonymous_565)
FNDA:0,(anonymous_566)
FNDA:0,(anonymous_567)
FNDA:0,(anonymous_568)
FNDA:0,p
FNDA:0,m
FNDA:0,(anonymous_571)
FNDA:0,(anonymous_572)
FNDA:0,(anonymous_573)
FNDA:0,(anonymous_574)
FNDA:0,(anonymous_575)
FNDA:0,(anonymous_576)
FNDA:0,(anonymous_577)
FNDA:0,(anonymous_578)
FNDA:0,(anonymous_579)
FNDA:0,(anonymous_580)
FNDA:0,(anonymous_581)
FNDA:0,(anonymous_582)
FNDA:0,(anonymous_583)
FNDA:0,(anonymous_584)
FNDA:0,(anonymous_585)
FNDA:0,(anonymous_586)
FNDA:0,(anonymous_587)
FNDA:0,e
FNDA:0,(anonymous_589)
FNDA:0,(anonymous_590)
FNDA:0,(anonymous_591)
FNDA:0,n
FNDA:0,(anonymous_593)
FNDA:0,(anonymous_594)
FNDA:0,(anonymous_595)
FNDA:0,(anonymous_596)
FNDA:0,(anonymous_597)
FNDA:0,(anonymous_598)
FNDA:0,(anonymous_599)
FNDA:0,_
FNDA:0,(anonymous_601)
FNDA:0,(anonymous_602)
FNDA:0,(anonymous_603)
FNDA:0,(anonymous_604)
FNDA:0,(anonymous_605)
FNDA:0,(anonymous_606)
FNDA:0,(anonymous_607)
FNDA:0,(anonymous_608)
FNDA:0,(anonymous_609)
FNDA:0,(anonymous_610)
FNDA:0,(anonymous_611)
FNDA:0,(anonymous_612)
FNDA:0,(anonymous_613)
FNDA:0,(anonymous_614)
FNDA:0,(anonymous_615)
FNDA:0,(anonymous_616)
FNDA:0,(anonymous_617)
FNDA:0,(anonymous_618)
FNDA:0,t
FNDA:0,(anonymous_620)
FNDA:0,(anonymous_621)
FNDA:0,(anonymous_622)
FNDA:0,(anonymous_623)
FNDA:0,(anonymous_624)
FNDA:0,(anonymous_625)
FNDA:0,(anonymous_626)
FNDA:0,(anonymous_627)
FNDA:0,(anonymous_628)
FNDA:0,(anonymous_629)
FNDA:0,a
FNDA:0,(anonymous_631)
FNDA:0,(anonymous_632)
FNDA:0,(anonymous_633)
FNDA:0,(anonymous_634)
FNDA:0,i
FNDA:0,u
FNDA:0,l
FNDA:0,f
FNDA:0,(anonymous_639)
FNDA:0,d
FNDA:0,(anonymous_641)
FNDA:0,p
FNDA:0,n
FNDA:0,i
FNDA:0,(anonymous_645)
FNDA:0,m
FNDA:0,(anonymous_647)
FNDA:0,(anonymous_648)
FNDA:0,(anonymous_649)
FNDA:0,(anonymous_650)
FNDA:0,(anonymous_651)
FNDA:0,(anonymous_652)
FNDA:0,(anonymous_653)
FNDA:0,(anonymous_654)
FNDA:0,(anonymous_655)
FNDA:0,(anonymous_656)
FNDA:0,(anonymous_657)
FNDA:0,(anonymous_658)
FNDA:0,(anonymous_659)
FNDA:0,(anonymous_660)
FNDA:0,(anonymous_661)
FNDA:0,(anonymous_662)
FNDA:0,(anonymous_663)
FNDA:0,u
FNDA:0,(anonymous_665)
FNDA:0,(anonymous_666)
FNDA:0,(anonymous_667)
FNDA:0,(anonymous_668)
FNDA:0,(anonymous_669)
FNDA:0,(anonymous_670)
FNDA:0,(anonymous_671)
FNDA:0,(anonymous_672)
FNDA:0,(anonymous_673)
FNDA:0,(anonymous_674)
FNDA:0,(anonymous_675)
FNDA:0,(anonymous_676)
FNDA:0,l
FNDA:0,(anonymous_678)
FNDA:0,(anonymous_679)
FNDA:0,a
FNDA:0,(anonymous_681)
FNDA:0,(anonymous_682)
FNDA:0,i
FNDA:0,(anonymous_684)
FNDA:0,(anonymous_685)
FNDA:0,(anonymous_686)
FNDA:0,(anonymous_687)
FNDA:0,(anonymous_688)
FNDA:0,(anonymous_689)
FNDA:0,(anonymous_690)
FNDA:0,(anonymous_691)
FNDA:0,(anonymous_692)
FNDA:0,(anonymous_693)
FNDA:0,(anonymous_694)
FNDA:0,(anonymous_695)
FNDA:0,(anonymous_696)
FNDA:0,(anonymous_697)
FNDA:0,(anonymous_698)
FNDA:0,(anonymous_699)
FNDA:0,h
FNDA:0,(anonymous_701)
FNDA:0,(anonymous_702)
FNDA:0,(anonymous_703)
FNDA:0,(anonymous_704)
FNDA:0,(anonymous_705)
FNDA:0,(anonymous_706)
FNDA:0,(anonymous_707)
FNDA:0,(anonymous_708)
FNDA:0,(anonymous_709)
FNDA:0,d
FNDA:0,p
FNDA:0,(anonymous_712)
FNDA:0,(anonymous_713)
FNDA:0,(anonymous_714)
FNDA:0,(anonymous_715)
FNDA:0,(anonymous_716)
FNDA:0,(anonymous_717)
FNDA:0,j
FNDA:0,D
FNDA:0,L
FNDA:0,P
FNDA:0,F
FNDA:0,M
FNDA:0,U
FNDA:0,W
FNDA:0,Z
FNDA:0,q
FNDA:0,H
FNDA:0,G
FNDA:0,Y
FNDA:0,K
FNDA:0,$
FNDA:0,X
FNDA:0,(anonymous_734)
FNDA:0,(anonymous_735)
FNDA:0,(anonymous_736)
FNDA:0,(anonymous_737)
FNDA:0,(anonymous_738)
FNDA:0,(anonymous_739)
FNDA:0,(anonymous_740)
FNDA:0,(anonymous_741)
FNDA:0,(anonymous_742)
FNDA:0,i
FNDA:0,I
FNDA:0,R
FNDA:0,z
FNDA:0,B
FNDA:0,N
FNDA:0,j
FNDA:0,D
FNDA:0,L
FNDA:0,P
FNDA:0,F
FNDA:0,M
FNDA:0,U
FNDA:0,W
FNDA:0,Z
FNDA:0,(anonymous_758)
FNDA:0,q
FNDA:0,H
FNDA:0,Y
FNDA:0,(anonymous_762)
FNDA:0,(anonymous_763)
FNDA:0,(anonymous_764)
FNDA:0,(anonymous_765)
FNDA:0,(anonymous_766)
FNDA:0,(anonymous_767)
FNDA:0,(anonymous_768)
FNDA:0,(anonymous_769)
FNDA:0,(anonymous_770)
FNDA:0,(anonymous_771)
FNDA:0,(anonymous_772)
FNDA:0,l
FNDA:0,f
FNDA:0,(anonymous_775)
FNDA:0,(anonymous_776)
FNDA:0,(anonymous_777)
FNDA:0,(anonymous_778)
FNDA:0,(anonymous_779)
FNDA:0,_
FNDA:0,b
FNDA:0,y
FNDA:0,v
FNDA:0,w
FNDA:0,k
FNDA:0,A
FNDA:0,C
FNDA:0,(anonymous_788)
FNDA:0,(anonymous_789)
FNDA:0,(anonymous_790)
FNDA:0,(anonymous_791)
FNDA:0,(anonymous_792)
FNDA:0,(anonymous_793)
FNDA:0,(anonymous_794)
FNDA:0,(anonymous_795)
FNDA:0,(anonymous_796)
FNDA:0,(anonymous_797)
FNDA:0,(anonymous_798)
FNDA:0,(anonymous_799)
FNDA:0,(anonymous_800)
FNDA:0,(anonymous_801)
FNDA:0,(anonymous_802)
FNDA:0,l
FNDA:0,(anonymous_804)
FNDA:0,(anonymous_805)
FNDA:0,(anonymous_806)
FNDA:0,(anonymous_807)
FNDA:0,(anonymous_808)
FNDA:0,(anonymous_809)
FNDA:0,(anonymous_810)
FNDA:0,(anonymous_811)
FNDA:0,(anonymous_812)
FNDA:0,(anonymous_813)
FNDA:0,(anonymous_814)
FNDA:0,(anonymous_815)
FNDA:0,(anonymous_816)
FNDA:0,(anonymous_817)
FNDA:0,a
FNDA:0,(anonymous_819)
FNDA:0,(anonymous_820)
FNDA:0,(anonymous_821)
FNDA:0,(anonymous_822)
FNDA:0,(anonymous_823)
FNDA:0,(anonymous_824)
FNDA:0,(anonymous_825)
FNDA:0,c
FNDA:0,(anonymous_827)
FNDA:0,(anonymous_828)
FNDA:0,(anonymous_829)
FNDA:0,(anonymous_830)
FNDA:0,(anonymous_831)
FNDA:0,(anonymous_832)
FNDA:0,(anonymous_833)
FNDA:0,(anonymous_834)
FNDA:0,h
FNDA:0,(anonymous_836)
FNDA:0,(anonymous_837)
FNDA:0,(anonymous_838)
FNDA:0,(anonymous_839)
FNDA:0,(anonymous_840)
FNDA:0,(anonymous_841)
FNDA:0,(anonymous_842)
FNDA:0,(anonymous_843)
FNDA:0,(anonymous_844)
FNDA:0,(anonymous_845)
FNDA:0,(anonymous_846)
FNDA:0,i
FNDA:0,(anonymous_848)
FNDA:0,(anonymous_849)
FNDA:0,(anonymous_850)
FNDA:0,(anonymous_851)
FNDA:0,(anonymous_852)
FNDA:0,i
FNDA:0,(anonymous_854)
FNDA:0,(anonymous_855)
FNDA:0,u
FNDA:0,(anonymous_857)
FNDA:0,(anonymous_858)
FNDA:0,(anonymous_859)
FNDA:0,(anonymous_860)
FNDA:0,(anonymous_861)
FNDA:0,(anonymous_862)
FNDA:0,(anonymous_863)
FNDA:0,(anonymous_864)
FNDA:0,(anonymous_865)
FNDA:0,(anonymous_866)
FNDA:0,(anonymous_867)
FNDA:0,(anonymous_868)
FNDA:0,s
FNDA:0,(anonymous_870)
FNDA:0,(anonymous_871)
FNDA:0,(anonymous_872)
FNDA:0,(anonymous_873)
FNDA:0,t
FNDA:0,(anonymous_875)
FNDA:0,(anonymous_876)
FNDA:0,(anonymous_877)
FNDA:0,p
FNDA:0,(anonymous_879)
FNDA:0,(anonymous_880)
FNDA:0,(anonymous_881)
FNDA:0,(anonymous_882)
FNDA:0,(anonymous_883)
FNDA:0,(anonymous_884)
FNDA:0,(anonymous_885)
FNDA:0,(anonymous_886)
FNDA:0,(anonymous_887)
FNDA:0,O
FNDA:0,T
FNDA:0,I
FNDA:0,R
FNDA:0,z
FNDA:0,B
FNDA:0,N
FNDA:0,j
FNDA:0,a
FNDA:0,(anonymous_897)
FNDA:0,D
FNDA:0,L
FNDA:0,P
FNDA:0,(anonymous_901)
FNDA:0,(anonymous_902)
FNDA:0,(anonymous_903)
FNDA:0,(anonymous_904)
FNDA:0,(anonymous_905)
FNDA:0,(anonymous_906)
FNDA:0,(anonymous_907)
FNDA:0,(anonymous_908)
FNDA:0,(anonymous_909)
FNDA:0,(anonymous_910)
FNDA:0,(anonymous_911)
FNDA:0,a
FNDA:0,(anonymous_913)
FNDA:0,(anonymous_914)
FNDA:0,(anonymous_915)
FNDA:0,(anonymous_916)
FNDA:0,(anonymous_917)
FNDA:0,(anonymous_918)
FNDA:0,(anonymous_919)
FNDA:0,(anonymous_920)
FNDA:0,(anonymous_921)
FNDA:0,(anonymous_922)
FNDA:0,t
FNDA:0,U
FNDA:0,W
FNDA:0,Z
FNDA:0,(anonymous_927)
FNDA:0,q
FNDA:0,(anonymous_929)
FNDA:0,H
FNDA:0,n
FNDA:0,t
FNDA:0,G
FNDA:0,Y
FNDA:0,K
FNDA:0,(anonymous_936)
FNDA:0,$
FNDA:0,X
FNDA:0,(anonymous_939)
FNDA:0,(anonymous_940)
FNDA:0,(anonymous_941)
FNDA:0,(anonymous_942)
FNDA:0,(anonymous_943)
FNDA:0,g
FNDA:0,(anonymous_945)
FNDA:0,(anonymous_946)
FNDA:0,(anonymous_947)
FNDA:0,(anonymous_948)
DA:1,0
LF:1
LH:0
BRDA:1,0,0,0
BRDA:1,0,1,0
BRDA:1,1,0,0
BRDA:1,1,1,0
BRDA:1,2,0,0
BRDA:1,2,1,0
BRDA:1,2,2,0
BRDA:1,3,0,0
BRDA:1,3,1,0
BRDA:1,4,0,0
BRDA:1,4,1,0
BRDA:1,5,0,0
BRDA:1,5,1,0
BRDA:1,6,0,0
BRDA:1,6,1,0
BRDA:1,6,2,0
BRDA:1,6,3,0
BRDA:1,7,0,0
BRDA:1,7,1,0
BRDA:1,8,0,0
BRDA:1,8,1,0
BRDA:1,9,0,0
BRDA:1,9,1,0
BRDA:1,10,0,0
BRDA:1,10,1,0
BRDA:1,11,0,0
BRDA:1,11,1,0
BRDA:1,11,2,0
BRDA:1,11,3,0
BRDA:1,12,0,0
BRDA:1,12,1,0
BRDA:1,13,0,0
BRDA:1,13,1,0
BRDA:1,14,0,0
BRDA:1,14,1,0
BRDA:1,15,0,0
BRDA:1,15,1,0
BRDA:1,16,0,0
BRDA:1,16,1,0
BRDA:1,17,0,0
BRDA:1,17,1,0
BRDA:1,18,0,0
BRDA:1,18,1,0
BRDA:1,19,0,0
BRDA:1,19,1,0
BRDA:1,20,0,0
BRDA:1,20,1,0
BRDA:1,21,0,0
BRDA:1,21,1,0
BRDA:1,22,0,0
BRDA:1,22,1,0
BRDA:1,23,0,0
BRDA:1,23,1,0
BRDA:1,24,0,0
BRDA:1,24,1,0
BRDA:1,25,0,0
BRDA:1,25,1,0
BRDA:1,26,0,0
BRDA:1,26,1,0
BRDA:1,27,0,0
BRDA:1,27,1,0
BRDA:1,28,0,0
BRDA:1,28,1,0
BRDA:1,29,0,0
BRDA:1,29,1,0
BRDA:1,30,0,0
BRDA:1,30,1,0
BRDA:1,31,0,0
BRDA:1,31,1,0
BRDA:1,32,0,0
BRDA:1,32,1,0
BRDA:1,33,0,0
BRDA:1,33,1,0
BRDA:1,34,0,0
BRDA:1,34,1,0
BRDA:1,35,0,0
BRDA:1,35,1,0
BRDA:1,35,2,0
BRDA:1,36,0,0
BRDA:1,36,1,0
BRDA:1,37,0,0
BRDA:1,37,1,0
BRDA:1,37,2,0
BRDA:1,37,3,0
BRDA:1,38,0,0
BRDA:1,38,1,0
BRDA:1,39,0,0
BRDA:1,39,1,0
BRDA:1,40,0,0
BRDA:1,40,1,0
BRDA:1,41,0,0
BRDA:1,41,1,0
BRDA:1,42,0,0
BRDA:1,42,1,0
BRDA:1,42,2,0
BRDA:1,43,0,0
BRDA:1,43,1,0
BRDA:1,44,0,0
BRDA:1,44,1,0
BRDA:1,45,0,0
BRDA:1,45,1,0
BRDA:1,46,0,0
BRDA:1,46,1,0
BRDA:1,47,0,0
BRDA:1,47,1,0
BRDA:1,48,0,0
BRDA:1,48,1,0
BRDA:1,49,0,0
BRDA:1,49,1,0
BRDA:1,50,0,0
BRDA:1,50,1,0
BRDA:1,51,0,0
BRDA:1,51,1,0
BRDA:1,51,2,0
BRDA:1,52,0,0
BRDA:1,52,1,0
BRDA:1,53,0,0
BRDA:1,53,1,0
BRDA:1,54,0,0
BRDA:1,54,1,0
BRDA:1,55,0,0
BRDA:1,55,1,0
BRDA:1,56,0,0
BRDA:1,56,1,0
BRDA:1,57,0,0
BRDA:1,57,1,0
BRDA:1,58,0,0
BRDA:1,58,1,0
BRDA:1,59,0,0
BRDA:1,59,1,0
BRDA:1,60,0,0
BRDA:1,60,1,0
BRDA:1,61,0,0
BRDA:1,61,1,0
BRDA:1,62,0,0
BRDA:1,62,1,0
BRDA:1,63,0,0
BRDA:1,63,1,0
BRDA:1,63,2,0
BRDA:1,63,3,0
BRDA:1,64,0,0
BRDA:1,64,1,0
BRDA:1,64,2,0
BRDA:1,65,0,0
BRDA:1,65,1,0
BRDA:1,66,0,0
BRDA:1,66,1,0
BRDA:1,67,0,0
BRDA:1,67,1,0
BRDA:1,68,0,0
BRDA:1,68,1,0
BRDA:1,69,0,0
BRDA:1,69,1,0
BRDA:1,70,0,0
BRDA:1,70,1,0
BRDA:1,71,0,0
BRDA:1,71,1,0
BRDA:1,72,0,0
BRDA:1,72,1,0
BRDA:1,73,0,0
BRDA:1,73,1,0
BRDA:1,74,0,0
BRDA:1,74,1,0
BRDA:1,75,0,0
BRDA:1,75,1,0
BRDA:1,76,0,0
BRDA:1,76,1,0
BRDA:1,77,0,0
BRDA:1,77,1,0
BRDA:1,78,0,0
BRDA:1,78,1,0
BRDA:1,79,0,0
BRDA:1,79,1,0
BRDA:1,80,0,0
BRDA:1,80,1,0
BRDA:1,80,2,0
BRDA:1,80,3,0
BRDA:1,81,0,0
BRDA:1,81,1,0
BRDA:1,82,0,0
BRDA:1,82,1,0
BRDA:1,83,0,0
BRDA:1,83,1,0
BRDA:1,84,0,0
BRDA:1,84,1,0
BRDA:1,85,0,0
BRDA:1,85,1,0
BRDA:1,85,2,0
BRDA:1,85,3,0
BRDA:1,86,0,0
BRDA:1,86,1,0
BRDA:1,87,0,0
BRDA:1,87,1,0
BRDA:1,88,0,0
BRDA:1,88,1,0
BRDA:1,89,0,0
BRDA:1,89,1,0
BRDA:1,90,0,0
BRDA:1,90,1,0
BRDA:1,91,0,0
BRDA:1,91,1,0
BRDA:1,92,0,0
BRDA:1,92,1,0
BRDA:1,93,0,0
BRDA:1,93,1,0
BRDA:1,94,0,0
BRDA:1,94,1,0
BRDA:1,95,0,0
BRDA:1,95,1,0
BRDA:1,96,0,0
BRDA:1,96,1,0
BRDA:1,97,0,0
BRDA:1,97,1,0
BRDA:1,98,0,0
BRDA:1,98,1,0
BRDA:1,99,0,0
BRDA:1,99,1,0
BRDA:1,100,0,0
BRDA:1,100,1,0
BRDA:1,101,0,0
BRDA:1,101,1,0
BRDA:1,102,0,0
BRDA:1,102,1,0
BRDA:1,103,0,0
BRDA:1,103,1,0
BRDA:1,104,0,0
BRDA:1,104,1,0
BRDA:1,105,0,0
BRDA:1,105,1,0
BRDA:1,106,0,0
BRDA:1,106,1,0
BRDA:1,107,0,0
BRDA:1,107,1,0
BRDA:1,108,0,0
BRDA:1,108,1,0
BRDA:1,109,0,0
BRDA:1,109,1,0
BRDA:1,110,0,0
BRDA:1,110,1,0
BRDA:1,111,0,0
BRDA:1,111,1,0
BRDA:1,112,0,0
BRDA:1,112,1,0
BRDA:1,112,2,0
BRDA:1,113,0,0
BRDA:1,113,1,0
BRDA:1,114,0,0
BRDA:1,114,1,0
BRDA:1,115,0,0
BRDA:1,115,1,0
BRDA:1,116,0,0
BRDA:1,116,1,0
BRDA:1,116,2,0
BRDA:1,117,0,0
BRDA:1,117,1,0
BRDA:1,117,2,0
BRDA:1,118,0,0
BRDA:1,118,1,0
BRDA:1,118,2,0
BRDA:1,119,0,0
BRDA:1,119,1,0
BRDA:1,119,2,0
BRDA:1,120,0,0
BRDA:1,120,1,0
BRDA:1,120,2,0
BRDA:1,120,3,0
BRDA:1,121,0,0
BRDA:1,121,1,0
BRDA:1,121,2,0
BRDA:1,122,0,0
BRDA:1,122,1,0
BRDA:1,123,0,0
BRDA:1,123,1,0
BRDA:1,124,0,0
BRDA:1,124,1,0
BRDA:1,125,0,0
BRDA:1,125,1,0
BRDA:1,125,2,0
BRDA:1,125,3,0
BRDA:1,125,4,0
BRDA:1,125,5,0
BRDA:1,126,0,0
BRDA:1,126,1,0
BRDA:1,127,0,0
BRDA:1,127,1,0
BRDA:1,128,0,0
BRDA:1,128,1,0
BRDA:1,128,2,0
BRDA:1,128,3,0
BRDA:1,129,0,0
BRDA:1,129,1,0
BRDA:1,130,0,0
BRDA:1,130,1,0
BRDA:1,130,2,0
BRDA:1,130,3,0
BRDA:1,130,4,0
BRDA:1,130,5,0
BRDA:1,131,0,0
BRDA:1,131,1,0
BRDA:1,132,0,0
BRDA:1,132,1,0
BRDA:1,132,2,0
BRDA:1,132,3,0
BRDA:1,133,0,0
BRDA:1,133,1,0
BRDA:1,134,0,0
BRDA:1,134,1,0
BRDA:1,135,0,0
BRDA:1,135,1,0
BRDA:1,136,0,0
BRDA:1,136,1,0
BRDA:1,137,0,0
BRDA:1,137,1,0
BRDA:1,138,0,0
BRDA:1,138,1,0
BRDA:1,139,0,0
BRDA:1,139,1,0
BRDA:1,140,0,0
BRDA:1,140,1,0
BRDA:1,141,0,0
BRDA:1,141,1,0
BRDA:1,142,0,0
BRDA:1,142,1,0
BRDA:1,143,0,0
BRDA:1,143,1,0
BRDA:1,143,2,0
BRDA:1,143,3,0
BRDA:1,144,0,0
BRDA:1,144,1,0
BRDA:1,145,0,0
BRDA:1,145,1,0
BRDA:1,146,0,0
BRDA:1,146,1,0
BRDA:1,147,0,0
BRDA:1,147,1,0
BRDA:1,148,0,0
BRDA:1,148,1,0
BRDA:1,149,0,0
BRDA:1,149,1,0
BRDA:1,150,0,0
BRDA:1,150,1,0
BRDA:1,151,0,0
BRDA:1,151,1,0
BRDA:1,152,0,0
BRDA:1,152,1,0
BRDA:1,153,0,0
BRDA:1,153,1,0
BRDA:1,154,0,0
BRDA:1,154,1,0
BRDA:1,155,0,0
BRDA:1,155,1,0
BRDA:1,156,0,0
BRDA:1,156,1,0
BRDA:1,157,0,0
BRDA:1,157,1,0
BRDA:1,158,0,0
BRDA:1,158,1,0
BRDA:1,159,0,0
BRDA:1,159,1,0
BRDA:1,160,0,0
BRDA:1,160,1,0
BRDA:1,161,0,0
BRDA:1,161,1,0
BRDA:1,162,0,0
BRDA:1,162,1,0
BRDA:1,163,0,0
BRDA:1,163,1,0
BRDA:1,164,0,0
BRDA:1,164,1,0
BRDA:1,165,0,0
BRDA:1,165,1,0
BRDA:1,166,0,0
BRDA:1,166,1,0
BRDA:1,167,0,0
BRDA:1,167,1,0
BRDA:1,168,0,0
BRDA:1,168,1,0
BRDA:1,169,0,0
BRDA:1,169,1,0
BRDA:1,170,0,0
BRDA:1,170,1,0
BRDA:1,171,0,0
BRDA:1,171,1,0
BRDA:1,172,0,0
BRDA:1,172,1,0
BRDA:1,173,0,0
BRDA:1,173,1,0
BRDA:1,174,0,0
BRDA:1,174,1,0
BRDA:1,175,0,0
BRDA:1,175,1,0
BRDA:1,176,0,0
BRDA:1,176,1,0
BRDA:1,177,0,0
BRDA:1,177,1,0
BRDA:1,178,0,0
BRDA:1,178,1,0
BRDA:1,179,0,0
BRDA:1,179,1,0
BRDA:1,180,0,0
BRDA:1,180,1,0
BRDA:1,181,0,0
BRDA:1,181,1,0
BRDA:1,181,2,0
BRDA:1,182,0,0
BRDA:1,182,1,0
BRDA:1,183,0,0
BRDA:1,183,1,0
BRDA:1,184,0,0
BRDA:1,184,1,0
BRDA:1,185,0,0
BRDA:1,185,1,0
BRDA:1,185,2,0
BRDA:1,185,3,0
BRDA:1,185,4,0
BRDA:1,185,5,0
BRDA:1,185,6,0
BRDA:1,185,7,0
BRDA:1,185,8,0
BRDA:1,185,9,0
BRDA:1,185,10,0
BRDA:1,185,11,0
BRDA:1,185,12,0
BRDA:1,186,0,0
BRDA:1,186,1,0
BRDA:1,187,0,0
BRDA:1,187,1,0
BRDA:1,187,2,0
BRDA:1,188,0,0
BRDA:1,188,1,0
BRDA:1,189,0,0
BRDA:1,189,1,0
BRDA:1,190,0,0
BRDA:1,190,1,0
BRDA:1,191,0,0
BRDA:1,191,1,0
BRDA:1,192,0,0
BRDA:1,192,1,0
BRDA:1,193,0,0
BRDA:1,193,1,0
BRDA:1,194,0,0
BRDA:1,194,1,0
BRDA:1,195,0,0
BRDA:1,195,1,0
BRDA:1,196,0,0
BRDA:1,196,1,0
BRDA:1,196,2,0
BRDA:1,197,0,0
BRDA:1,197,1,0
BRDA:1,198,0,0
BRDA:1,198,1,0
BRDA:1,199,0,0
BRDA:1,199,1,0
BRDA:1,200,0,0
BRDA:1,200,1,0
BRDA:1,201,0,0
BRDA:1,201,1,0
BRDA:1,202,0,0
BRDA:1,202,1,0
BRDA:1,203,0,0
BRDA:1,203,1,0
BRDA:1,203,2,0
BRDA:1,203,3,0
BRDA:1,204,0,0
BRDA:1,204,1,0
BRDA:1,205,0,0
BRDA:1,205,1,0
BRDA:1,206,0,0
BRDA:1,206,1,0
BRDA:1,207,0,0
BRDA:1,207,1,0
BRDA:1,208,0,0
BRDA:1,208,1,0
BRDA:1,209,0,0
BRDA:1,209,1,0
BRDA:1,210,0,0
BRDA:1,210,1,0
BRDA:1,210,2,0
BRDA:1,211,0,0
BRDA:1,211,1,0
BRDA:1,211,2,0
BRDA:1,212,0,0
BRDA:1,212,1,0
BRDA:1,213,0,0
BRDA:1,213,1,0
BRDA:1,213,2,0
BRDA:1,214,0,0
BRDA:1,214,1,0
BRDA:1,215,0,0
BRDA:1,215,1,0
BRDA:1,216,0,0
BRDA:1,216,1,0
BRDA:1,217,0,0
BRDA:1,217,1,0
BRDA:1,218,0,0
BRDA:1,218,1,0
BRDA:1,219,0,0
BRDA:1,219,1,0
BRDA:1,220,0,0
BRDA:1,220,1,0
BRDA:1,221,0,0
BRDA:1,221,1,0
BRDA:1,222,0,0
BRDA:1,222,1,0
BRDA:1,223,0,0
BRDA:1,223,1,0
BRDA:1,224,0,0
BRDA:1,224,1,0
BRDA:1,225,0,0
BRDA:1,225,1,0
BRDA:1,226,0,0
BRDA:1,226,1,0
BRDA:1,227,0,0
BRDA:1,227,1,0
BRDA:1,228,0,0
BRDA:1,228,1,0
BRDA:1,228,2,0
BRDA:1,229,0,0
BRDA:1,229,1,0
BRDA:1,230,0,0
BRDA:1,230,1,0
BRDA:1,231,0,0
BRDA:1,231,1,0
BRDA:1,232,0,0
BRDA:1,232,1,0
BRDA:1,233,0,0
BRDA:1,233,1,0
BRDA:1,234,0,0
BRDA:1,234,1,0
BRDA:1,235,0,0
BRDA:1,235,1,0
BRDA:1,236,0,0
BRDA:1,236,1,0
BRDA:1,236,2,0
BRDA:1,237,0,0
BRDA:1,237,1,0
BRDA:1,238,0,0
BRDA:1,238,1,0
BRDA:1,239,0,0
BRDA:1,239,1,0
BRDA:1,240,0,0
BRDA:1,240,1,0
BRDA:1,241,0,0
BRDA:1,241,1,0
BRDA:1,242,0,0
BRDA:1,242,1,0
BRDA:1,243,0,0
BRDA:1,243,1,0
BRDA:1,244,0,0
BRDA:1,244,1,0
BRDA:1,244,2,0
BRDA:1,244,3,0
BRDA:1,245,0,0
BRDA:1,245,1,0
BRDA:1,246,0,0
BRDA:1,246,1,0
BRDA:1,247,0,0
BRDA:1,247,1,0
BRDA:1,247,2,0
BRDA:1,247,3,0
BRDA:1,248,0,0
BRDA:1,248,1,0
BRDA:1,249,0,0
BRDA:1,249,1,0
BRDA:1,250,0,0
BRDA:1,250,1,0
BRDA:1,251,0,0
BRDA:1,251,1,0
BRDA:1,252,0,0
BRDA:1,252,1,0
BRDA:1,253,0,0
BRDA:1,253,1,0
BRDA:1,254,0,0
BRDA:1,254,1,0
BRDA:1,255,0,0
BRDA:1,255,1,0
BRDA:1,256,0,0
BRDA:1,256,1,0
BRDA:1,257,0,0
BRDA:1,257,1,0
BRDA:1,258,0,0
BRDA:1,258,1,0
BRDA:1,259,0,0
BRDA:1,259,1,0
BRDA:1,260,0,0
BRDA:1,260,1,0
BRDA:1,261,0,0
BRDA:1,261,1,0
BRDA:1,262,0,0
BRDA:1,262,1,0
BRDA:1,263,0,0
BRDA:1,263,1,0
BRDA:1,264,0,0
BRDA:1,264,1,0
BRDA:1,265,0,0
BRDA:1,265,1,0
BRDA:1,266,0,0
BRDA:1,266,1,0
BRDA:1,267,0,0
BRDA:1,267,1,0
BRDA:1,268,0,0
BRDA:1,268,1,0
BRDA:1,269,0,0
BRDA:1,269,1,0
BRDA:1,270,0,0
BRDA:1,270,1,0
BRDA:1,271,0,0
BRDA:1,271,1,0
BRDA:1,272,0,0
BRDA:1,272,1,0
BRDA:1,273,0,0
BRDA:1,273,1,0
BRDA:1,274,0,0
BRDA:1,274,1,0
BRDA:1,275,0,0
BRDA:1,275,1,0
BRDA:1,276,0,0
BRDA:1,276,1,0
BRDA:1,277,0,0
BRDA:1,277,1,0
BRDA:1,278,0,0
BRDA:1,278,1,0
BRDA:1,279,0,0
BRDA:1,279,1,0
BRDA:1,280,0,0
BRDA:1,280,1,0
BRDA:1,281,0,0
BRDA:1,281,1,0
BRDA:1,282,0,0
BRDA:1,282,1,0
BRDA:1,283,0,0
BRDA:1,283,1,0
BRDA:1,284,0,0
BRDA:1,284,1,0
BRDA:1,285,0,0
BRDA:1,285,1,0
BRDA:1,286,0,0
BRDA:1,286,1,0
BRDA:1,287,0,0
BRDA:1,287,1,0
BRDA:1,288,0,0
BRDA:1,288,1,0
BRDA:1,289,0,0
BRDA:1,289,1,0
BRDA:1,290,0,0
BRDA:1,290,1,0
BRDA:1,291,0,0
BRDA:1,291,1,0
BRDA:1,292,0,0
BRDA:1,292,1,0
BRDA:1,293,0,0
BRDA:1,293,1,0
BRDA:1,294,0,0
BRDA:1,294,1,0
BRDA:1,295,0,0
BRDA:1,295,1,0
BRDA:1,296,0,0
BRDA:1,296,1,0
BRDA:1,297,0,0
BRDA:1,297,1,0
BRDA:1,298,0,0
BRDA:1,298,1,0
BRDA:1,299,0,0
BRDA:1,299,1,0
BRDA:1,300,0,0
BRDA:1,300,1,0
BRDA:1,301,0,0
BRDA:1,301,1,0
BRDA:1,302,0,0
BRDA:1,302,1,0
BRDA:1,302,2,0
BRDA:1,303,0,0
BRDA:1,303,1,0
BRDA:1,304,0,0
BRDA:1,304,1,0
BRDA:1,305,0,0
BRDA:1,305,1,0
BRDA:1,306,0,0
BRDA:1,306,1,0
BRDA:1,306,2,0
BRDA:1,307,0,0
BRDA:1,307,1,0
BRDA:1,308,0,0
BRDA:1,308,1,0
BRDA:1,309,0,0
BRDA:1,309,1,0
BRDA:1,310,0,0
BRDA:1,310,1,0
BRDA:1,310,2,0
BRDA:1,310,3,0
BRDA:1,311,0,0
BRDA:1,311,1,0
BRDA:1,312,0,0
BRDA:1,312,1,0
BRDA:1,313,0,0
BRDA:1,313,1,0
BRDA:1,314,0,0
BRDA:1,314,1,0
BRDA:1,315,0,0
BRDA:1,315,1,0
BRDA:1,315,2,0
BRDA:1,316,0,0
BRDA:1,316,1,0
BRDA:1,317,0,0
BRDA:1,317,1,0
BRDA:1,318,0,0
BRDA:1,318,1,0
BRDA:1,319,0,0
BRDA:1,319,1,0
BRDA:1,319,2,0
BRDA:1,320,0,0
BRDA:1,320,1,0
BRDA:1,321,0,0
BRDA:1,321,1,0
BRDA:1,322,0,0
BRDA:1,322,1,0
BRDA:1,323,0,0
BRDA:1,323,1,0
BRDA:1,324,0,0
BRDA:1,324,1,0
BRDA:1,325,0,0
BRDA:1,325,1,0
BRDA:1,326,0,0
BRDA:1,326,1,0
BRDA:1,327,0,0
BRDA:1,327,1,0
BRDA:1,328,0,0
BRDA:1,328,1,0
BRDA:1,329,0,0
BRDA:1,329,1,0
BRDA:1,330,0,0
BRDA:1,330,1,0
BRDA:1,331,0,0
BRDA:1,331,1,0
BRDA:1,332,0,0
BRDA:1,332,1,0
BRDA:1,333,0,0
BRDA:1,333,1,0
BRDA:1,334,0,0
BRDA:1,334,1,0
BRDA:1,335,0,0
BRDA:1,335,1,0
BRDA:1,336,0,0
BRDA:1,336,1,0
BRDA:1,337,0,0
BRDA:1,337,1,0
BRDA:1,338,0,0
BRDA:1,338,1,0
BRDA:1,339,0,0
BRDA:1,339,1,0
BRDA:1,339,2,0
BRDA:1,340,0,0
BRDA:1,340,1,0
BRDA:1,341,0,0
BRDA:1,341,1,0
BRDA:1,342,0,0
BRDA:1,342,1,0
BRDA:1,343,0,0
BRDA:1,343,1,0
BRDA:1,344,0,0
BRDA:1,344,1,0
BRDA:1,345,0,0
BRDA:1,345,1,0
BRDA:1,346,0,0
BRDA:1,346,1,0
BRDA:1,347,0,0
BRDA:1,347,1,0
BRDA:1,348,0,0
BRDA:1,348,1,0
BRDA:1,349,0,0
BRDA:1,349,1,0
BRDA:1,350,0,0
BRDA:1,350,1,0
BRDA:1,351,0,0
BRDA:1,351,1,0
BRDA:1,352,0,0
BRDA:1,352,1,0
BRDA:1,353,0,0
BRDA:1,353,1,0
BRDA:1,354,0,0
BRDA:1,354,1,0
BRDA:1,355,0,0
BRDA:1,355,1,0
BRDA:1,355,2,0
BRDA:1,355,3,0
BRDA:1,355,4,0
BRDA:1,355,5,0
BRDA:1,355,6,0
BRDA:1,356,0,0
BRDA:1,356,1,0
BRDA:1,357,0,0
BRDA:1,357,1,0
BRDA:1,358,0,0
BRDA:1,358,1,0
BRDA:1,359,0,0
BRDA:1,359,1,0
BRDA:1,360,0,0
BRDA:1,360,1,0
BRDA:1,361,0,0
BRDA:1,361,1,0
BRDA:1,362,0,0
BRDA:1,362,1,0
BRDA:1,363,0,0
BRDA:1,363,1,0
BRDA:1,364,0,0
BRDA:1,364,1,0
BRDA:1,365,0,0
BRDA:1,365,1,0
BRDA:1,366,0,0
BRDA:1,366,1,0
BRDA:1,367,0,0
BRDA:1,367,1,0
BRDA:1,368,0,0
BRDA:1,368,1,0
BRDA:1,368,2,0
BRDA:1,369,0,0
BRDA:1,369,1,0
BRDA:1,370,0,0
BRDA:1,370,1,0
BRDA:1,371,0,0
BRDA:1,371,1,0
BRDA:1,372,0,0
BRDA:1,372,1,0
BRDA:1,373,0,0
BRDA:1,373,1,0
BRDA:1,374,0,0
BRDA:1,374,1,0
BRDA:1,375,0,0
BRDA:1,375,1,0
BRDA:1,376,0,0
BRDA:1,376,1,0
BRDA:1,377,0,0
BRDA:1,377,1,0
BRDA:1,378,0,0
BRDA:1,378,1,0
BRDA:1,379,0,0
BRDA:1,379,1,0
BRDA:1,380,0,0
BRDA:1,380,1,0
BRDA:1,381,0,0
BRDA:1,381,1,0
BRDA:1,382,0,0
BRDA:1,382,1,0
BRDA:1,383,0,0
BRDA:1,383,1,0
BRDA:1,384,0,0
BRDA:1,384,1,0
BRDA:1,385,0,0
BRDA:1,385,1,0
BRDA:1,386,0,0
BRDA:1,386,1,0
BRDA:1,387,0,0
BRDA:1,387,1,0
BRDA:1,388,0,0
BRDA:1,388,1,0
BRDA:1,389,0,0
BRDA:1,389,1,0
BRDA:1,390,0,0
BRDA:1,390,1,0
BRDA:1,390,2,0
BRDA:1,391,0,0
BRDA:1,391,1,0
BRDA:1,392,0,0
BRDA:1,392,1,0
BRDA:1,392,2,0
BRDA:1,393,0,0
BRDA:1,393,1,0
BRDA:1,394,0,0
BRDA:1,394,1,0
BRDA:1,395,0,0
BRDA:1,395,1,0
BRDA:1,396,0,0
BRDA:1,396,1,0
BRDA:1,397,0,0
BRDA:1,397,1,0
BRDA:1,398,0,0
BRDA:1,398,1,0
BRDA:1,398,2,0
BRDA:1,398,3,0
BRDA:1,398,4,0
BRDA:1,399,0,0
BRDA:1,399,1,0
BRDA:1,400,0,0
BRDA:1,400,1,0
BRDA:1,401,0,0
BRDA:1,401,1,0
BRDA:1,402,0,0
BRDA:1,402,1,0
BRDA:1,403,0,0
BRDA:1,403,1,0
BRDA:1,404,0,0
BRDA:1,404,1,0
BRDA:1,405,0,0
BRDA:1,405,1,0
BRDA:1,406,0,0
BRDA:1,406,1,0
BRDA:1,407,0,0
BRDA:1,407,1,0
BRDA:1,408,0,0
BRDA:1,408,1,0
BRDA:1,409,0,0
BRDA:1,409,1,0
BRDA:1,410,0,0
BRDA:1,410,1,0
BRDA:1,411,0,0
BRDA:1,411,1,0
BRDA:1,412,0,0
BRDA:1,412,1,0
BRDA:1,413,0,0
BRDA:1,413,1,0
BRDA:1,414,0,0
BRDA:1,414,1,0
BRDA:1,415,0,0
BRDA:1,415,1,0
BRDA:1,416,0,0
BRDA:1,416,1,0
BRDA:1,417,0,0
BRDA:1,417,1,0
BRDA:1,418,0,0
BRDA:1,418,1,0
BRDA:1,419,0,0
BRDA:1,419,1,0
BRDA:1,420,0,0
BRDA:1,420,1,0
BRDA:1,421,0,0
BRDA:1,421,1,0
BRDA:1,422,0,0
BRDA:1,422,1,0
BRDA:1,423,0,0
BRDA:1,423,1,0
BRDA:1,424,0,0
BRDA:1,424,1,0
BRDA:1,425,0,0
BRDA:1,425,1,0
BRDA:1,426,0,0
BRDA:1,426,1,0
BRDA:1,427,0,0
BRDA:1,427,1,0
BRDA:1,428,0,0
BRDA:1,428,1,0
BRDA:1,429,0,0
BRDA:1,429,1,0
BRDA:1,430,0,0
BRDA:1,430,1,0
BRDA:1,431,0,0
BRDA:1,431,1,0
BRDA:1,432,0,0
BRDA:1,432,1,0
BRDA:1,433,0,0
BRDA:1,433,1,0
BRDA:1,433,2,0
BRDA:1,434,0,0
BRDA:1,434,1,0
BRDA:1,435,0,0
BRDA:1,435,1,0
BRDA:1,436,0,0
BRDA:1,436,1,0
BRDA:1,437,0,0
BRDA:1,437,1,0
BRDA:1,438,0,0
BRDA:1,438,1,0
BRDA:1,439,0,0
BRDA:1,439,1,0
BRDA:1,440,0,0
BRDA:1,440,1,0
BRDA:1,441,0,0
BRDA:1,441,1,0
BRDA:1,441,2,0
BRDA:1,442,0,0
BRDA:1,442,1,0
BRDA:1,443,0,0
BRDA:1,443,1,0
BRDA:1,444,0,0
BRDA:1,444,1,0
BRDA:1,445,0,0
BRDA:1,445,1,0
BRDA:1,446,0,0
BRDA:1,446,1,0
BRDA:1,447,0,0
BRDA:1,447,1,0
BRDA:1,448,0,0
BRDA:1,448,1,0
BRDA:1,449,0,0
BRDA:1,449,1,0
BRDA:1,450,0,0
BRDA:1,450,1,0
BRDA:1,451,0,0
BRDA:1,451,1,0
BRDA:1,452,0,0
BRDA:1,452,1,0
BRDA:1,453,0,0
BRDA:1,453,1,0
BRDA:1,454,0,0
BRDA:1,454,1,0
BRDA:1,455,0,0
BRDA:1,455,1,0
BRDA:1,456,0,0
BRDA:1,456,1,0
BRDA:1,456,2,0
BRDA:1,457,0,0
BRDA:1,457,1,0
BRDA:1,458,0,0
BRDA:1,458,1,0
BRDA:1,459,0,0
BRDA:1,459,1,0
BRDA:1,460,0,0
BRDA:1,460,1,0
BRDA:1,461,0,0
BRDA:1,461,1,0
BRDA:1,462,0,0
BRDA:1,462,1,0
BRDA:1,463,0,0
BRDA:1,463,1,0
BRDA:1,464,0,0
BRDA:1,464,1,0
BRDA:1,465,0,0
BRDA:1,465,1,0
BRDA:1,466,0,0
BRDA:1,466,1,0
BRDA:1,467,0,0
BRDA:1,467,1,0
BRDA:1,468,0,0
BRDA:1,468,1,0
BRDA:1,469,0,0
BRDA:1,469,1,0
BRDA:1,470,0,0
BRDA:1,470,1,0
BRDA:1,471,0,0
BRDA:1,471,1,0
BRDA:1,472,0,0
BRDA:1,472,1,0
BRDA:1,473,0,0
BRDA:1,473,1,0
BRDA:1,474,0,0
BRDA:1,474,1,0
BRDA:1,474,2,0
BRDA:1,475,0,0
BRDA:1,475,1,0
BRDA:1,476,0,0
BRDA:1,476,1,0
BRDA:1,477,0,0
BRDA:1,477,1,0
BRDA:1,478,0,0
BRDA:1,478,1,0
BRDA:1,479,0,0
BRDA:1,479,1,0
BRDA:1,480,0,0
BRDA:1,480,1,0
BRDA:1,481,0,0
BRDA:1,481,1,0
BRDA:1,482,0,0
BRDA:1,482,1,0
BRDA:1,483,0,0
BRDA:1,483,1,0
BRDA:1,484,0,0
BRDA:1,484,1,0
BRDA:1,485,0,0
BRDA:1,485,1,0
BRDA:1,486,0,0
BRDA:1,486,1,0
BRDA:1,486,2,0
BRDA:1,487,0,0
BRDA:1,487,1,0
BRDA:1,488,0,0
BRDA:1,488,1,0
BRDA:1,489,0,0
BRDA:1,489,1,0
BRDA:1,489,2,0
BRDA:1,489,3,0
BRDA:1,489,4,0
BRDA:1,489,5,0
BRDA:1,490,0,0
BRDA:1,490,1,0
BRDA:1,491,0,0
BRDA:1,491,1,0
BRDA:1,492,0,0
BRDA:1,492,1,0
BRDA:1,492,2,0
BRDA:1,493,0,0
BRDA:1,493,1,0
BRDA:1,493,2,0
BRDA:1,493,3,0
BRDA:1,494,0,0
BRDA:1,494,1,0
BRDA:1,495,0,0
BRDA:1,495,1,0
BRDA:1,496,0,0
BRDA:1,496,1,0
BRDA:1,497,0,0
BRDA:1,497,1,0
BRDA:1,498,0,0
BRDA:1,498,1,0
BRDA:1,499,0,0
BRDA:1,499,1,0
BRDA:1,500,0,0
BRDA:1,500,1,0
BRDA:1,501,0,0
BRDA:1,501,1,0
BRDA:1,502,0,0
BRDA:1,502,1,0
BRDA:1,502,2,0
BRDA:1,502,3,0
BRDA:1,503,0,0
BRDA:1,503,1,0
BRDA:1,504,0,0
BRDA:1,504,1,0
BRDA:1,504,2,0
BRDA:1,505,0,0
BRDA:1,505,1,0
BRDA:1,506,0,0
BRDA:1,506,1,0
BRDA:1,507,0,0
BRDA:1,507,1,0
BRDA:1,508,0,0
BRDA:1,508,1,0
BRDA:1,509,0,0
BRDA:1,509,1,0
BRDA:1,510,0,0
BRDA:1,510,1,0
BRDA:1,511,0,0
BRDA:1,511,1,0
BRDA:1,512,0,0
BRDA:1,512,1,0
BRDA:1,513,0,0
BRDA:1,513,1,0
BRDA:1,514,0,0
BRDA:1,514,1,0
BRDA:1,515,0,0
BRDA:1,515,1,0
BRDA:1,516,0,0
BRDA:1,516,1,0
BRDA:1,516,2,0
BRDA:1,517,0,0
BRDA:1,517,1,0
BRDA:1,518,0,0
BRDA:1,518,1,0
BRDA:1,519,0,0
BRDA:1,519,1,0
BRDA:1,520,0,0
BRDA:1,520,1,0
BRDA:1,521,0,0
BRDA:1,521,1,0
BRDA:1,522,0,0
BRDA:1,522,1,0
BRDA:1,523,0,0
BRDA:1,523,1,0
BRDA:1,524,0,0
BRDA:1,524,1,0
BRDA:1,525,0,0
BRDA:1,525,1,0
BRDA:1,526,0,0
BRDA:1,526,1,0
BRDA:1,527,0,0
BRDA:1,527,1,0
BRDA:1,528,0,0
BRDA:1,528,1,0
BRDA:1,528,2,0
BRDA:1,528,3,0
BRDA:1,528,4,0
BRDA:1,529,0,0
BRDA:1,529,1,0
BRDA:1,530,0,0
BRDA:1,530,1,0
BRDA:1,530,2,0
BRDA:1,531,0,0
BRDA:1,531,1,0
BRDA:1,532,0,0
BRDA:1,532,1,0
BRDA:1,533,0,0
BRDA:1,533,1,0
BRDA:1,534,0,0
BRDA:1,534,1,0
BRDA:1,535,0,0
BRDA:1,535,1,0
BRDA:1,536,0,0
BRDA:1,536,1,0
BRDA:1,537,0,0
BRDA:1,537,1,0
BRDA:1,538,0,0
BRDA:1,538,1,0
BRDA:1,539,0,0
BRDA:1,539,1,0
BRDA:1,540,0,0
BRDA:1,540,1,0
BRDA:1,541,0,0
BRDA:1,541,1,0
BRDA:1,542,0,0
BRDA:1,542,1,0
BRDA:1,543,0,0
BRDA:1,543,1,0
BRDA:1,544,0,0
BRDA:1,544,1,0
BRDA:1,545,0,0
BRDA:1,545,1,0
BRDA:1,546,0,0
BRDA:1,546,1,0
BRDA:1,547,0,0
BRDA:1,547,1,0
BRDA:1,548,0,0
BRDA:1,548,1,0
BRDA:1,549,0,0
BRDA:1,549,1,0
BRDA:1,550,0,0
BRDA:1,550,1,0
BRDA:1,551,0,0
BRDA:1,551,1,0
BRDA:1,552,0,0
BRDA:1,552,1,0
BRDA:1,552,2,0
BRDA:1,553,0,0
BRDA:1,553,1,0
BRDA:1,554,0,0
BRDA:1,554,1,0
BRDA:1,555,0,0
BRDA:1,555,1,0
BRDA:1,556,0,0
BRDA:1,556,1,0
BRDA:1,556,2,0
BRDA:1,556,3,0
BRDA:1,557,0,0
BRDA:1,557,1,0
BRDA:1,558,0,0
BRDA:1,558,1,0
BRDA:1,559,0,0
BRDA:1,559,1,0
BRDA:1,560,0,0
BRDA:1,560,1,0
BRDA:1,561,0,0
BRDA:1,561,1,0
BRDA:1,562,0,0
BRDA:1,562,1,0
BRDA:1,562,2,0
BRDA:1,563,0,0
BRDA:1,563,1,0
BRDA:1,564,0,0
BRDA:1,564,1,0
BRDA:1,565,0,0
BRDA:1,565,1,0
BRDA:1,566,0,0
BRDA:1,566,1,0
BRDA:1,567,0,0
BRDA:1,567,1,0
BRDA:1,568,0,0
BRDA:1,568,1,0
BRDA:1,569,0,0
BRDA:1,569,1,0
BRDA:1,570,0,0
BRDA:1,570,1,0
BRDA:1,571,0,0
BRDA:1,571,1,0
BRDA:1,572,0,0
BRDA:1,572,1,0
BRDA:1,572,2,0
BRDA:1,573,0,0
BRDA:1,573,1,0
BRDA:1,574,0,0
BRDA:1,574,1,0
BRDA:1,574,2,0
BRDA:1,575,0,0
BRDA:1,575,1,0
BRDA:1,576,0,0
BRDA:1,576,1,0
BRDA:1,576,2,0
BRDA:1,576,3,0
BRDA:1,577,0,0
BRDA:1,577,1,0
BRDA:1,578,0,0
BRDA:1,578,1,0
BRDA:1,578,2,0
BRDA:1,578,3,0
BRDA:1,579,0,0
BRDA:1,579,1,0
BRDA:1,579,2,0
BRDA:1,579,3,0
BRDA:1,580,0,0
BRDA:1,580,1,0
BRDA:1,581,0,0
BRDA:1,581,1,0
BRDA:1,581,2,0
BRDA:1,582,0,0
BRDA:1,582,1,0
BRDA:1,582,2,0
BRDA:1,583,0,0
BRDA:1,583,1,0
BRDA:1,583,2,0
BRDA:1,583,3,0
BRDA:1,583,4,0
BRDA:1,583,5,0
BRDA:1,584,0,0
BRDA:1,584,1,0
BRDA:1,585,0,0
BRDA:1,585,1,0
BRDA:1,586,0,0
BRDA:1,586,1,0
BRDA:1,587,0,0
BRDA:1,587,1,0
BRDA:1,588,0,0
BRDA:1,588,1,0
BRDA:1,589,0,0
BRDA:1,589,1,0
BRDA:1,590,0,0
BRDA:1,590,1,0
BRDA:1,591,0,0
BRDA:1,591,1,0
BRDA:1,592,0,0
BRDA:1,592,1,0
BRDA:1,593,0,0
BRDA:1,593,1,0
BRDA:1,594,0,0
BRDA:1,594,1,0
BRDA:1,595,0,0
BRDA:1,595,1,0
BRDA:1,596,0,0
BRDA:1,596,1,0
BRDA:1,597,0,0
BRDA:1,597,1,0
BRDA:1,598,0,0
BRDA:1,598,1,0
BRDA:1,599,0,0
BRDA:1,599,1,0
BRDA:1,600,0,0
BRDA:1,600,1,0
BRDA:1,601,0,0
BRDA:1,601,1,0
BRDA:1,602,0,0
BRDA:1,602,1,0
BRDA:1,602,2,0
BRDA:1,603,0,0
BRDA:1,603,1,0
BRDA:1,604,0,0
BRDA:1,604,1,0
BRDA:1,605,0,0
BRDA:1,605,1,0
BRDA:1,606,0,0
BRDA:1,606,1,0
BRDA:1,607,0,0
BRDA:1,607,1,0
BRDA:1,608,0,0
BRDA:1,608,1,0
BRDA:1,609,0,0
BRDA:1,609,1,0
BRDA:1,610,0,0
BRDA:1,610,1,0
BRDA:1,610,2,0
BRDA:1,611,0,0
BRDA:1,611,1,0
BRDA:1,612,0,0
BRDA:1,612,1,0
BRDA:1,612,2,0
BRDA:1,612,3,0
BRDA:1,612,4,0
BRDA:1,612,5,0
BRDA:1,612,6,0
BRDA:1,613,0,0
BRDA:1,613,1,0
BRDA:1,613,2,0
BRDA:1,614,0,0
BRDA:1,614,1,0
BRDA:1,615,0,0
BRDA:1,615,1,0
BRDA:1,616,0,0
BRDA:1,616,1,0
BRDA:1,617,0,0
BRDA:1,617,1,0
BRDA:1,618,0,0
BRDA:1,618,1,0
BRDA:1,619,0,0
BRDA:1,619,1,0
BRDA:1,620,0,0
BRDA:1,620,1,0
BRDA:1,620,2,0
BRDA:1,620,3,0
BRDA:1,621,0,0
BRDA:1,621,1,0
BRDA:1,622,0,0
BRDA:1,622,1,0
BRDA:1,623,0,0
BRDA:1,623,1,0
BRDA:1,624,0,0
BRDA:1,624,1,0
BRDA:1,625,0,0
BRDA:1,625,1,0
BRDA:1,626,0,0
BRDA:1,626,1,0
BRDA:1,627,0,0
BRDA:1,627,1,0
BRDA:1,628,0,0
BRDA:1,628,1,0
BRDA:1,629,0,0
BRDA:1,629,1,0
BRDA:1,630,0,0
BRDA:1,630,1,0
BRDA:1,631,0,0
BRDA:1,631,1,0
BRDA:1,632,0,0
BRDA:1,632,1,0
BRDA:1,633,0,0
BRDA:1,633,1,0
BRDA:1,634,0,0
BRDA:1,634,1,0
BRDA:1,635,0,0
BRDA:1,635,1,0
BRDA:1,636,0,0
BRDA:1,636,1,0
BRDA:1,637,0,0
BRDA:1,637,1,0
BRDA:1,638,0,0
BRDA:1,638,1,0
BRDA:1,639,0,0
BRDA:1,639,1,0
BRDA:1,640,0,0
BRDA:1,640,1,0
BRDA:1,641,0,0
BRDA:1,641,1,0
BRDA:1,642,0,0
BRDA:1,642,1,0
BRDA:1,642,2,0
BRDA:1,643,0,0
BRDA:1,643,1,0
BRDA:1,644,0,0
BRDA:1,644,1,0
BRDA:1,645,0,0
BRDA:1,645,1,0
BRDA:1,646,0,0
BRDA:1,646,1,0
BRDA:1,646,2,0
BRDA:1,646,3,0
BRDA:1,646,4,0
BRDA:1,647,0,0
BRDA:1,647,1,0
BRDA:1,648,0,0
BRDA:1,648,1,0
BRDA:1,649,0,0
BRDA:1,649,1,0
BRDA:1,650,0,0
BRDA:1,650,1,0
BRDA:1,651,0,0
BRDA:1,651,1,0
BRDA:1,652,0,0
BRDA:1,652,1,0
BRDA:1,653,0,0
BRDA:1,653,1,0
BRDA:1,654,0,0
BRDA:1,654,1,0
BRDA:1,655,0,0
BRDA:1,655,1,0
BRDA:1,656,0,0
BRDA:1,656,1,0
BRDA:1,657,0,0
BRDA:1,657,1,0
BRDA:1,658,0,0
BRDA:1,658,1,0
BRDA:1,658,2,0
BRDA:1,659,0,0
BRDA:1,659,1,0
BRDA:1,660,0,0
BRDA:1,660,1,0
BRDA:1,660,2,0
BRDA:1,661,0,0
BRDA:1,661,1,0
BRDA:1,662,0,0
BRDA:1,662,1,0
BRDA:1,663,0,0
BRDA:1,663,1,0
BRDA:1,664,0,0
BRDA:1,664,1,0
BRDA:1,665,0,0
BRDA:1,665,1,0
BRDA:1,666,0,0
BRDA:1,666,1,0
BRDA:1,666,2,0
BRDA:1,666,3,0
BRDA:1,666,4,0
BRDA:1,667,0,0
BRDA:1,667,1,0
BRDA:1,668,0,0
BRDA:1,668,1,0
BRDA:1,669,0,0
BRDA:1,669,1,0
BRDA:1,669,2,0
BRDA:1,670,0,0
BRDA:1,670,1,0
BRDA:1,671,0,0
BRDA:1,671,1,0
BRDA:1,672,0,0
BRDA:1,672,1,0
BRDA:1,673,0,0
BRDA:1,673,1,0
BRDA:1,673,2,0
BRDA:1,674,0,0
BRDA:1,674,1,0
BRDA:1,674,2,0
BRDA:1,674,3,0
BRDA:1,675,0,0
BRDA:1,675,1,0
BRDA:1,676,0,0
BRDA:1,676,1,0
BRDA:1,677,0,0
BRDA:1,677,1,0
BRDA:1,677,2,0
BRDA:1,678,0,0
BRDA:1,678,1,0
BRDA:1,679,0,0
BRDA:1,679,1,0
BRDA:1,680,0,0
BRDA:1,680,1,0
BRDA:1,681,0,0
BRDA:1,681,1,0
BRDA:1,682,0,0
BRDA:1,682,1,0
BRDA:1,683,0,0
BRDA:1,683,1,0
BRDA:1,683,2,0
BRDA:1,684,0,0
BRDA:1,684,1,0
BRDA:1,685,0,0
BRDA:1,685,1,0
BRDA:1,685,2,0
BRDA:1,685,3,0
BRDA:1,686,0,0
BRDA:1,686,1,0
BRDA:1,687,0,0
BRDA:1,687,1,0
BRDA:1,688,0,0
BRDA:1,688,1,0
BRDA:1,688,2,0
BRDA:1,688,3,0
BRDA:1,689,0,0
BRDA:1,689,1,0
BRDA:1,690,0,0
BRDA:1,690,1,0
BRDA:1,691,0,0
BRDA:1,691,1,0
BRDA:1,692,0,0
BRDA:1,692,1,0
BRDA:1,693,0,0
BRDA:1,693,1,0
BRDA:1,694,0,0
BRDA:1,694,1,0
BRDA:1,695,0,0
BRDA:1,695,1,0
BRDA:1,696,0,0
BRDA:1,696,1,0
BRDA:1,696,2,0
BRDA:1,696,3,0
BRDA:1,696,4,0
BRDA:1,696,5,0
BRDA:1,697,0,0
BRDA:1,697,1,0
BRDA:1,698,0,0
BRDA:1,698,1,0
BRDA:1,699,0,0
BRDA:1,699,1,0
BRDA:1,700,0,0
BRDA:1,700,1,0
BRDA:1,701,0,0
BRDA:1,701,1,0
BRDA:1,702,0,0
BRDA:1,702,1,0
BRDA:1,703,0,0
BRDA:1,703,1,0
BRDA:1,703,2,0
BRDA:1,704,0,0
BRDA:1,704,1,0
BRDA:1,705,0,0
BRDA:1,705,1,0
BRDA:1,706,0,0
BRDA:1,706,1,0
BRDA:1,707,0,0
BRDA:1,707,1,0
BRDA:1,708,0,0
BRDA:1,708,1,0
BRDA:1,709,0,0
BRDA:1,709,1,0
BRDA:1,709,2,0
BRDA:1,709,3,0
BRDA:1,709,4,0
BRDA:1,709,5,0
BRDA:1,709,6,0
BRDA:1,709,7,0
BRDA:1,709,8,0
BRDA:1,709,9,0
BRDA:1,709,10,0
BRDA:1,709,11,0
BRDA:1,710,0,0
BRDA:1,710,1,0
BRDA:1,711,0,0
BRDA:1,711,1,0
BRDA:1,711,2,0
BRDA:1,711,3,0
BRDA:1,712,0,0
BRDA:1,712,1,0
BRDA:1,713,0,0
BRDA:1,713,1,0
BRDA:1,713,2,0
BRDA:1,713,3,0
BRDA:1,713,4,0
BRDA:1,713,5,0
BRDA:1,713,6,0
BRDA:1,713,7,0
BRDA:1,713,8,0
BRDA:1,713,9,0
BRDA:1,713,10,0
BRDA:1,713,11,0
BRDA:1,714,0,0
BRDA:1,714,1,0
BRDA:1,715,0,0
BRDA:1,715,1,0
BRDA:1,716,0,0
BRDA:1,716,1,0
BRDA:1,716,2,0
BRDA:1,717,0,0
BRDA:1,717,1,0
BRDA:1,718,0,0
BRDA:1,718,1,0
BRDA:1,719,0,0
BRDA:1,719,1,0
BRDA:1,720,0,0
BRDA:1,720,1,0
BRDA:1,721,0,0
BRDA:1,721,1,0
BRDA:1,722,0,0
BRDA:1,722,1,0
BRDA:1,723,0,0
BRDA:1,723,1,0
BRDA:1,724,0,0
BRDA:1,724,1,0
BRDA:1,725,0,0
BRDA:1,725,1,0
BRDA:1,726,0,0
BRDA:1,726,1,0
BRDA:1,727,0,0
BRDA:1,727,1,0
BRDA:1,728,0,0
BRDA:1,728,1,0
BRDA:1,728,2,0
BRDA:1,729,0,0
BRDA:1,729,1,0
BRDA:1,730,0,0
BRDA:1,730,1,0
BRDA:1,731,0,0
BRDA:1,731,1,0
BRDA:1,732,0,0
BRDA:1,732,1,0
BRDA:1,733,0,0
BRDA:1,733,1,0
BRDA:1,734,0,0
BRDA:1,734,1,0
BRDA:1,735,0,0
BRDA:1,735,1,0
BRDA:1,736,0,0
BRDA:1,736,1,0
BRDA:1,737,0,0
BRDA:1,737,1,0
BRDA:1,738,0,0
BRDA:1,738,1,0
BRDA:1,739,0,0
BRDA:1,739,1,0
BRDA:1,740,0,0
BRDA:1,740,1,0
BRDA:1,741,0,0
BRDA:1,741,1,0
BRDA:1,742,0,0
BRDA:1,742,1,0
BRDA:1,743,0,0
BRDA:1,743,1,0
BRDA:1,744,0,0
BRDA:1,744,1,0
BRDA:1,745,0,0
BRDA:1,745,1,0
BRDA:1,746,0,0
BRDA:1,746,1,0
BRDA:1,747,0,0
BRDA:1,747,1,0
BRDA:1,748,0,0
BRDA:1,748,1,0
BRDA:1,749,0,0
BRDA:1,749,1,0
BRDA:1,750,0,0
BRDA:1,750,1,0
BRDA:1,751,0,0
BRDA:1,751,1,0
BRDA:1,752,0,0
BRDA:1,752,1,0
BRDA:1,753,0,0
BRDA:1,753,1,0
BRDA:1,754,0,0
BRDA:1,754,1,0
BRDA:1,755,0,0
BRDA:1,755,1,0
BRDA:1,756,0,0
BRDA:1,756,1,0
BRDA:1,757,0,0
BRDA:1,757,1,0
BRDA:1,758,0,0
BRDA:1,758,1,0
BRDA:1,759,0,0
BRDA:1,759,1,0
BRDA:1,760,0,0
BRDA:1,760,1,0
BRDA:1,761,0,0
BRDA:1,761,1,0
BRDA:1,762,0,0
BRDA:1,762,1,0
BRDA:1,763,0,0
BRDA:1,763,1,0
BRDA:1,764,0,0
BRDA:1,764,1,0
BRDA:1,765,0,0
BRDA:1,765,1,0
BRDA:1,766,0,0
BRDA:1,766,1,0
BRDA:1,767,0,0
BRDA:1,767,1,0
BRDA:1,768,0,0
BRDA:1,768,1,0
BRDA:1,769,0,0
BRDA:1,769,1,0
BRDA:1,770,0,0
BRDA:1,770,1,0
BRDA:1,770,2,0
BRDA:1,771,0,0
BRDA:1,771,1,0
BRDA:1,772,0,0
BRDA:1,772,1,0
BRDA:1,773,0,0
BRDA:1,773,1,0
BRDA:1,774,0,0
BRDA:1,774,1,0
BRDA:1,775,0,0
BRDA:1,775,1,0
BRDA:1,776,0,0
BRDA:1,776,1,0
BRDA:1,777,0,0
BRDA:1,777,1,0
BRDA:1,778,0,0
BRDA:1,778,1,0
BRDA:1,779,0,0
BRDA:1,779,1,0
BRDA:1,780,0,0
BRDA:1,780,1,0
BRDA:1,781,0,0
BRDA:1,781,1,0
BRDA:1,781,2,0
BRDA:1,781,3,0
BRDA:1,782,0,0
BRDA:1,782,1,0
BRDA:1,783,0,0
BRDA:1,783,1,0
BRDA:1,783,2,0
BRDA:1,784,0,0
BRDA:1,784,1,0
BRDA:1,785,0,0
BRDA:1,785,1,0
BRDA:1,786,0,0
BRDA:1,786,1,0
BRDA:1,787,0,0
BRDA:1,787,1,0
BRDA:1,788,0,0
BRDA:1,788,1,0
BRDA:1,789,0,0
BRDA:1,789,1,0
BRDA:1,790,0,0
BRDA:1,790,1,0
BRDA:1,791,0,0
BRDA:1,791,1,0
BRDA:1,792,0,0
BRDA:1,792,1,0
BRDA:1,793,0,0
BRDA:1,793,1,0
BRDA:1,794,0,0
BRDA:1,794,1,0
BRDA:1,795,0,0
BRDA:1,795,1,0
BRDA:1,796,0,0
BRDA:1,796,1,0
BRDA:1,797,0,0
BRDA:1,797,1,0
BRDA:1,798,0,0
BRDA:1,798,1,0
BRDA:1,799,0,0
BRDA:1,799,1,0
BRDA:1,799,2,0
BRDA:1,800,0,0
BRDA:1,800,1,0
BRDA:1,801,0,0
BRDA:1,801,1,0
BRDA:1,801,2,0
BRDA:1,802,0,0
BRDA:1,802,1,0
BRDA:1,802,2,0
BRDA:1,802,3,0
BRDA:1,802,4,0
BRDA:1,803,0,0
BRDA:1,803,1,0
BRDA:1,804,0,0
BRDA:1,804,1,0
BRDA:1,805,0,0
BRDA:1,805,1,0
BRDA:1,805,2,0
BRDA:1,806,0,0
BRDA:1,806,1,0
BRDA:1,807,0,0
BRDA:1,807,1,0
BRDA:1,808,0,0
BRDA:1,808,1,0
BRDA:1,808,2,0
BRDA:1,809,0,0
BRDA:1,809,1,0
BRDA:1,809,2,0
BRDA:1,810,0,0
BRDA:1,810,1,0
BRDA:1,811,0,0
BRDA:1,811,1,0
BRDA:1,812,0,0
BRDA:1,812,1,0
BRDA:1,813,0,0
BRDA:1,813,1,0
BRDA:1,814,0,0
BRDA:1,814,1,0
BRDA:1,814,2,0
BRDA:1,814,3,0
BRDA:1,815,0,0
BRDA:1,815,1,0
BRDA:1,816,0,0
BRDA:1,816,1,0
BRDA:1,817,0,0
BRDA:1,817,1,0
BRDA:1,818,0,0
BRDA:1,818,1,0
BRDA:1,819,0,0
BRDA:1,819,1,0
BRDA:1,820,0,0
BRDA:1,820,1,0
BRDA:1,821,0,0
BRDA:1,821,1,0
BRDA:1,822,0,0
BRDA:1,822,1,0
BRDA:1,823,0,0
BRDA:1,823,1,0
BRDA:1,824,0,0
BRDA:1,824,1,0
BRDA:1,825,0,0
BRDA:1,825,1,0
BRDA:1,826,0,0
BRDA:1,826,1,0
BRDA:1,827,0,0
BRDA:1,827,1,0
BRDA:1,827,2,0
BRDA:1,827,3,0
BRDA:1,827,4,0
BRDA:1,828,0,0
BRDA:1,828,1,0
BRDA:1,828,2,0
BRDA:1,828,3,0
BRDA:1,829,0,0
BRDA:1,829,1,0
BRDA:1,830,0,0
BRDA:1,830,1,0
BRDA:1,831,0,0
BRDA:1,831,1,0
BRDA:1,832,0,0
BRDA:1,832,1,0
BRDA:1,832,2,0
BRDA:1,832,3,0
BRDA:1,833,0,0
BRDA:1,833,1,0
BRDA:1,834,0,0
BRDA:1,834,1,0
BRDA:1,835,0,0
BRDA:1,835,1,0
BRDA:1,836,0,0
BRDA:1,836,1,0
BRDA:1,837,0,0
BRDA:1,837,1,0
BRDA:1,838,0,0
BRDA:1,838,1,0
BRDA:1,839,0,0
BRDA:1,839,1,0
BRDA:1,840,0,0
BRDA:1,840,1,0
BRDA:1,841,0,0
BRDA:1,841,1,0
BRDA:1,842,0,0
BRDA:1,842,1,0
BRDA:1,843,0,0
BRDA:1,843,1,0
BRDA:1,844,0,0
BRDA:1,844,1,0
BRDA:1,845,0,0
BRDA:1,845,1,0
BRDA:1,846,0,0
BRDA:1,846,1,0
BRDA:1,847,0,0
BRDA:1,847,1,0
BRDA:1,848,0,0
BRDA:1,848,1,0
BRDA:1,849,0,0
BRDA:1,849,1,0
BRDA:1,850,0,0
BRDA:1,850,1,0
BRDA:1,851,0,0
BRDA:1,851,1,0
BRDA:1,852,0,0
BRDA:1,852,1,0
BRDA:1,853,0,0
BRDA:1,853,1,0
BRDA:1,854,0,0
BRDA:1,854,1,0
BRDA:1,855,0,0
BRDA:1,855,1,0
BRDA:1,855,2,0
BRDA:1,855,3,0
BRDA:1,856,0,0
BRDA:1,856,1,0
BRDA:1,856,2,0
BRDA:1,856,3,0
BRDA:1,857,0,0
BRDA:1,857,1,0
BRDA:1,858,0,0
BRDA:1,858,1,0
BRDA:1,859,0,0
BRDA:1,859,1,0
BRDA:1,860,0,0
BRDA:1,860,1,0
BRDA:1,861,0,0
BRDA:1,861,1,0
BRDA:1,862,0,0
BRDA:1,862,1,0
BRDA:1,863,0,0
BRDA:1,863,1,0
BRDA:1,864,0,0
BRDA:1,864,1,0
BRDA:1,865,0,0
BRDA:1,865,1,0
BRDA:1,866,0,0
BRDA:1,866,1,0
BRDA:1,867,0,0
BRDA:1,867,1,0
BRDA:1,868,0,0
BRDA:1,868,1,0
BRDA:1,869,0,0
BRDA:1,869,1,0
BRDA:1,870,0,0
BRDA:1,870,1,0
BRDA:1,871,0,0
BRDA:1,871,1,0
BRDA:1,872,0,0
BRDA:1,872,1,0
BRDA:1,873,0,0
BRDA:1,873,1,0
BRDA:1,874,0,0
BRDA:1,874,1,0
BRDA:1,875,0,0
BRDA:1,875,1,0
BRDA:1,875,2,0
BRDA:1,875,3,0
BRDA:1,876,0,0
BRDA:1,876,1,0
BRDA:1,877,0,0
BRDA:1,877,1,0
BRDA:1,878,0,0
BRDA:1,878,1,0
BRDA:1,879,0,0
BRDA:1,879,1,0
BRDA:1,880,0,0
BRDA:1,880,1,0
BRDA:1,881,0,0
BRDA:1,881,1,0
BRDA:1,882,0,0
BRDA:1,882,1,0
BRDA:1,883,0,0
BRDA:1,883,1,0
BRDA:1,884,0,0
BRDA:1,884,1,0
BRDA:1,884,2,0
BRDA:1,884,3,0
BRDA:1,885,0,0
BRDA:1,885,1,0
BRDA:1,886,0,0
BRDA:1,886,1,0
BRDA:1,887,0,0
BRDA:1,887,1,0
BRDA:1,888,0,0
BRDA:1,888,1,0
BRDA:1,889,0,0
BRDA:1,889,1,0
BRDA:1,890,0,0
BRDA:1,890,1,0
BRDA:1,891,0,0
BRDA:1,891,1,0
BRDA:1,892,0,0
BRDA:1,892,1,0
BRDA:1,893,0,0
BRDA:1,893,1,0
BRDA:1,894,0,0
BRDA:1,894,1,0
BRDA:1,895,0,0
BRDA:1,895,1,0
BRDA:1,896,0,0
BRDA:1,896,1,0
BRDA:1,897,0,0
BRDA:1,897,1,0
BRDA:1,898,0,0
BRDA:1,898,1,0
BRDA:1,899,0,0
BRDA:1,899,1,0
BRDA:1,900,0,0
BRDA:1,900,1,0
BRDA:1,901,0,0
BRDA:1,901,1,0
BRDA:1,902,0,0
BRDA:1,902,1,0
BRDA:1,903,0,0
BRDA:1,903,1,0
BRDA:1,904,0,0
BRDA:1,904,1,0
BRDA:1,904,2,0
BRDA:1,904,3,0
BRDA:1,905,0,0
BRDA:1,905,1,0
BRDA:1,906,0,0
BRDA:1,906,1,0
BRDA:1,907,0,0
BRDA:1,907,1,0
BRDA:1,908,0,0
BRDA:1,908,1,0
BRDA:1,909,0,0
BRDA:1,909,1,0
BRDA:1,910,0,0
BRDA:1,910,1,0
BRDA:1,911,0,0
BRDA:1,911,1,0
BRDA:1,912,0,0
BRDA:1,912,1,0
BRDA:1,913,0,0
BRDA:1,913,1,0
BRDA:1,914,0,0
BRDA:1,914,1,0
BRDA:1,915,0,0
BRDA:1,915,1,0
BRDA:1,916,0,0
BRDA:1,916,1,0
BRDA:1,917,0,0
BRDA:1,917,1,0
BRDA:1,917,2,0
BRDA:1,918,0,0
BRDA:1,918,1,0
BRDA:1,919,0,0
BRDA:1,919,1,0
BRDA:1,920,0,0
BRDA:1,920,1,0
BRDA:1,921,0,0
BRDA:1,921,1,0
BRDA:1,922,0,0
BRDA:1,922,1,0
BRDA:1,923,0,0
BRDA:1,923,1,0
BRDA:1,924,0,0
BRDA:1,924,1,0
BRDA:1,925,0,0
BRDA:1,925,1,0
BRDA:1,926,0,0
BRDA:1,926,1,0
BRDA:1,927,0,0
BRDA:1,927,1,0
BRDA:1,927,2,0
BRDA:1,927,3,0
BRDA:1,928,0,0
BRDA:1,928,1,0
BRDA:1,929,0,0
BRDA:1,929,1,0
BRDA:1,930,0,0
BRDA:1,930,1,0
BRDA:1,931,0,0
BRDA:1,931,1,0
BRDA:1,932,0,0
BRDA:1,932,1,0
BRDA:1,932,2,0
BRDA:1,932,3,0
BRDA:1,933,0,0
BRDA:1,933,1,0
BRDA:1,934,0,0
BRDA:1,934,1,0
BRDA:1,934,2,0
BRDA:1,934,3,0
BRDA:1,935,0,0
BRDA:1,935,1,0
BRDA:1,936,0,0
BRDA:1,936,1,0
BRDA:1,936,2,0
BRDA:1,936,3,0
BRDA:1,937,0,0
BRDA:1,937,1,0
BRDA:1,937,2,0
BRDA:1,938,0,0
BRDA:1,938,1,0
BRDA:1,939,0,0
BRDA:1,939,1,0
BRDA:1,940,0,0
BRDA:1,940,1,0
BRDA:1,941,0,0
BRDA:1,941,1,0
BRDA:1,942,0,0
BRDA:1,942,1,0
BRDA:1,943,0,0
BRDA:1,943,1,0
BRDA:1,944,0,0
BRDA:1,944,1,0
BRDA:1,945,0,0
BRDA:1,945,1,0
BRDA:1,946,0,0
BRDA:1,946,1,0
BRDA:1,947,0,0
BRDA:1,947,1,0
BRDA:1,948,0,0
BRDA:1,948,1,0
BRDA:1,949,0,0
BRDA:1,949,1,0
BRDA:1,950,0,0
BRDA:1,950,1,0
BRDA:1,951,0,0
BRDA:1,951,1,0
BRDA:1,952,0,0
BRDA:1,952,1,0
BRDA:1,953,0,0
BRDA:1,953,1,0
BRDA:1,953,2,0
BRDA:1,954,0,0
BRDA:1,954,1,0
BRDA:1,955,0,0
BRDA:1,955,1,0
BRDA:1,955,2,0
BRDA:1,956,0,0
BRDA:1,956,1,0
BRDA:1,957,0,0
BRDA:1,957,1,0
BRDA:1,958,0,0
BRDA:1,958,1,0
BRDA:1,959,0,0
BRDA:1,959,1,0
BRDA:1,960,0,0
BRDA:1,960,1,0
BRDA:1,961,0,0
BRDA:1,961,1,0
BRDA:1,962,0,0
BRDA:1,962,1,0
BRDA:1,963,0,0
BRDA:1,963,1,0
BRDA:1,964,0,0
BRDA:1,964,1,0
BRDA:1,965,0,0
BRDA:1,965,1,0
BRDA:1,966,0,0
BRDA:1,966,1,0
BRDA:1,967,0,0
BRDA:1,967,1,0
BRDA:1,968,0,0
BRDA:1,968,1,0
BRDA:1,969,0,0
BRDA:1,969,1,0
BRDA:1,970,0,0
BRDA:1,970,1,0
BRDA:1,971,0,0
BRDA:1,971,1,0
BRDA:1,972,0,0
BRDA:1,972,1,0
BRDA:1,973,0,0
BRDA:1,973,1,0
BRDA:1,974,0,0
BRDA:1,974,1,0
BRDA:1,975,0,0
BRDA:1,975,1,0
BRDA:1,975,2,0
BRDA:1,976,0,0
BRDA:1,976,1,0
BRDA:1,977,0,0
BRDA:1,977,1,0
BRDA:1,978,0,0
BRDA:1,978,1,0
BRDA:1,979,0,0
BRDA:1,979,1,0
BRDA:1,980,0,0
BRDA:1,980,1,0
BRDA:1,981,0,0
BRDA:1,981,1,0
BRDA:1,982,0,0
BRDA:1,982,1,0
BRDA:1,983,0,0
BRDA:1,983,1,0
BRDA:1,984,0,0
BRDA:1,984,1,0
BRDA:1,985,0,0
BRDA:1,985,1,0
BRDA:1,986,0,0
BRDA:1,986,1,0
BRDA:1,987,0,0
BRDA:1,987,1,0
BRDA:1,988,0,0
BRDA:1,988,1,0
BRDA:1,989,0,0
BRDA:1,989,1,0
BRDA:1,990,0,0
BRDA:1,990,1,0
BRDA:1,991,0,0
BRDA:1,991,1,0
BRDA:1,992,0,0
BRDA:1,992,1,0
BRDA:1,993,0,0
BRDA:1,993,1,0
BRDA:1,994,0,0
BRDA:1,994,1,0
BRDA:1,995,0,0
BRDA:1,995,1,0
BRDA:1,996,0,0
BRDA:1,996,1,0
BRDA:1,997,0,0
BRDA:1,997,1,0
BRDA:1,998,0,0
BRDA:1,998,1,0
BRDA:1,999,0,0
BRDA:1,999,1,0
BRDA:1,1000,0,0
BRDA:1,1000,1,0
BRDA:1,1001,0,0
BRDA:1,1001,1,0
BRDA:1,1002,0,0
BRDA:1,1002,1,0
BRDA:1,1003,0,0
BRDA:1,1003,1,0
BRDA:1,1004,0,0
BRDA:1,1004,1,0
BRDA:1,1005,0,0
BRDA:1,1005,1,0
BRDA:1,1006,0,0
BRDA:1,1006,1,0
BRDA:1,1007,0,0
BRDA:1,1007,1,0
BRDA:1,1008,0,0
BRDA:1,1008,1,0
BRDA:1,1009,0,0
BRDA:1,1009,1,0
BRDA:1,1010,0,0
BRDA:1,1010,1,0
BRDA:1,1011,0,0
BRDA:1,1011,1,0
BRDA:1,1011,2,0
BRDA:1,1011,3,0
BRDA:1,1012,0,0
BRDA:1,1012,1,0
BRDA:1,1013,0,0
BRDA:1,1013,1,0
BRDA:1,1014,0,0
BRDA:1,1014,1,0
BRDA:1,1015,0,0
BRDA:1,1015,1,0
BRDA:1,1016,0,0
BRDA:1,1016,1,0
BRDA:1,1017,0,0
BRDA:1,1017,1,0
BRDA:1,1018,0,0
BRDA:1,1018,1,0
BRDA:1,1019,0,0
BRDA:1,1019,1,0
BRDA:1,1020,0,0
BRDA:1,1020,1,0
BRDA:1,1021,0,0
BRDA:1,1021,1,0
BRDA:1,1022,0,0
BRDA:1,1022,1,0
BRDA:1,1023,0,0
BRDA:1,1023,1,0
BRDA:1,1024,0,0
BRDA:1,1024,1,0
BRDA:1,1025,0,0
BRDA:1,1025,1,0
BRDA:1,1026,0,0
BRDA:1,1026,1,0
BRDA:1,1027,0,0
BRDA:1,1027,1,0
BRDA:1,1028,0,0
BRDA:1,1028,1,0
BRDA:1,1029,0,0
BRDA:1,1029,1,0
BRDA:1,1030,0,0
BRDA:1,1030,1,0
BRDA:1,1031,0,0
BRDA:1,1031,1,0
BRDA:1,1032,0,0
BRDA:1,1032,1,0
BRDA:1,1033,0,0
BRDA:1,1033,1,0
BRDA:1,1034,0,0
BRDA:1,1034,1,0
BRDA:1,1035,0,0
BRDA:1,1035,1,0
BRDA:1,1036,0,0
BRDA:1,1036,1,0
BRDA:1,1037,0,0
BRDA:1,1037,1,0
BRDA:1,1038,0,0
BRDA:1,1038,1,0
BRDA:1,1038,2,0
BRDA:1,1039,0,0
BRDA:1,1039,1,0
BRDA:1,1040,0,0
BRDA:1,1040,1,0
BRDA:1,1041,0,0
BRDA:1,1041,1,0
BRDA:1,1042,0,0
BRDA:1,1042,1,0
BRDA:1,1042,2,0
BRDA:1,1043,0,0
BRDA:1,1043,1,0
BRDA:1,1044,0,0
BRDA:1,1044,1,0
BRDA:1,1045,0,0
BRDA:1,1045,1,0
BRDA:1,1046,0,0
BRDA:1,1046,1,0
BRDA:1,1046,2,0
BRDA:1,1046,3,0
BRDA:1,1047,0,0
BRDA:1,1047,1,0
BRDA:1,1048,0,0
BRDA:1,1048,1,0
BRDA:1,1049,0,0
BRDA:1,1049,1,0
BRDA:1,1050,0,0
BRDA:1,1050,1,0
BRDA:1,1051,0,0
BRDA:1,1051,1,0
BRDA:1,1051,2,0
BRDA:1,1052,0,0
BRDA:1,1052,1,0
BRDA:1,1053,0,0
BRDA:1,1053,1,0
BRDA:1,1054,0,0
BRDA:1,1054,1,0
BRDA:1,1055,0,0
BRDA:1,1055,1,0
BRDA:1,1056,0,0
BRDA:1,1056,1,0
BRDA:1,1056,2,0
BRDA:1,1057,0,0
BRDA:1,1057,1,0
BRDA:1,1058,0,0
BRDA:1,1058,1,0
BRDA:1,1059,0,0
BRDA:1,1059,1,0
BRDA:1,1060,0,0
BRDA:1,1060,1,0
BRDA:1,1061,0,0
BRDA:1,1061,1,0
BRDA:1,1062,0,0
BRDA:1,1062,1,0
BRDA:1,1063,0,0
BRDA:1,1063,1,0
BRDA:1,1064,0,0
BRDA:1,1064,1,0
BRDA:1,1065,0,0
BRDA:1,1065,1,0
BRDA:1,1066,0,0
BRDA:1,1066,1,0
BRDA:1,1067,0,0
BRDA:1,1067,1,0
BRDA:1,1068,0,0
BRDA:1,1068,1,0
BRDA:1,1069,0,0
BRDA:1,1069,1,0
BRDA:1,1069,2,0
BRDA:1,1070,0,0
BRDA:1,1070,1,0
BRDA:1,1071,0,0
BRDA:1,1071,1,0
BRDA:1,1072,0,0
BRDA:1,1072,1,0
BRDA:1,1073,0,0
BRDA:1,1073,1,0
BRDA:1,1074,0,0
BRDA:1,1074,1,0
BRDA:1,1075,0,0
BRDA:1,1075,1,0
BRDA:1,1076,0,0
BRDA:1,1076,1,0
BRDA:1,1077,0,0
BRDA:1,1077,1,0
BRDA:1,1078,0,0
BRDA:1,1078,1,0
BRDA:1,1079,0,0
BRDA:1,1079,1,0
BRDA:1,1079,2,0
BRDA:1,1079,3,0
BRDA:1,1079,4,0
BRDA:1,1079,5,0
BRDA:1,1079,6,0
BRDA:1,1080,0,0
BRDA:1,1080,1,0
BRDA:1,1081,0,0
BRDA:1,1081,1,0
BRDA:1,1082,0,0
BRDA:1,1082,1,0
BRDA:1,1083,0,0
BRDA:1,1083,1,0
BRDA:1,1084,0,0
BRDA:1,1084,1,0
BRDA:1,1085,0,0
BRDA:1,1085,1,0
BRDA:1,1086,0,0
BRDA:1,1086,1,0
BRDA:1,1087,0,0
BRDA:1,1087,1,0
BRDA:1,1088,0,0
BRDA:1,1088,1,0
BRDA:1,1089,0,0
BRDA:1,1089,1,0
BRDA:1,1090,0,0
BRDA:1,1090,1,0
BRDA:1,1091,0,0
BRDA:1,1091,1,0
BRDA:1,1092,0,0
BRDA:1,1092,1,0
BRDA:1,1092,2,0
BRDA:1,1093,0,0
BRDA:1,1093,1,0
BRDA:1,1094,0,0
BRDA:1,1094,1,0
BRDA:1,1095,0,0
BRDA:1,1095,1,0
BRDA:1,1096,0,0
BRDA:1,1096,1,0
BRDA:1,1097,0,0
BRDA:1,1097,1,0
BRDA:1,1098,0,0
BRDA:1,1098,1,0
BRDA:1,1099,0,0
BRDA:1,1099,1,0
BRDA:1,1100,0,0
BRDA:1,1100,1,0
BRDA:1,1101,0,0
BRDA:1,1101,1,0
BRDA:1,1102,0,0
BRDA:1,1102,1,0
BRDA:1,1103,0,0
BRDA:1,1103,1,0
BRDA:1,1104,0,0
BRDA:1,1104,1,0
BRDA:1,1105,0,0
BRDA:1,1105,1,0
BRDA:1,1106,0,0
BRDA:1,1106,1,0
BRDA:1,1106,2,0
BRDA:1,1107,0,0
BRDA:1,1107,1,0
BRDA:1,1108,0,0
BRDA:1,1108,1,0
BRDA:1,1109,0,0
BRDA:1,1109,1,0
BRDA:1,1110,0,0
BRDA:1,1110,1,0
BRDA:1,1111,0,0
BRDA:1,1111,1,0
BRDA:1,1112,0,0
BRDA:1,1112,1,0
BRDA:1,1112,2,0
BRDA:1,1113,0,0
BRDA:1,1113,1,0
BRDA:1,1114,0,0
BRDA:1,1114,1,0
BRDA:1,1115,0,0
BRDA:1,1115,1,0
BRDA:1,1116,0,0
BRDA:1,1116,1,0
BRDA:1,1117,0,0
BRDA:1,1117,1,0
BRDA:1,1118,0,0
BRDA:1,1118,1,0
BRDA:1,1119,0,0
BRDA:1,1119,1,0
BRDA:1,1120,0,0
BRDA:1,1120,1,0
BRDA:1,1121,0,0
BRDA:1,1121,1,0
BRDA:1,1122,0,0
BRDA:1,1122,1,0
BRDA:1,1122,2,0
BRDA:1,1123,0,0
BRDA:1,1123,1,0
BRDA:1,1123,2,0
BRDA:1,1124,0,0
BRDA:1,1124,1,0
BRDA:1,1125,0,0
BRDA:1,1125,1,0
BRDA:1,1125,2,0
BRDA:1,1126,0,0
BRDA:1,1126,1,0
BRDA:1,1126,2,0
BRDA:1,1127,0,0
BRDA:1,1127,1,0
BRDA:1,1127,2,0
BRDA:1,1128,0,0
BRDA:1,1128,1,0
BRDA:1,1128,2,0
BRDA:1,1128,3,0
BRDA:1,1128,4,0
BRDA:1,1128,5,0
BRDA:1,1129,0,0
BRDA:1,1129,1,0
BRDA:1,1130,0,0
BRDA:1,1130,1,0
BRDA:1,1131,0,0
BRDA:1,1131,1,0
BRDA:1,1132,0,0
BRDA:1,1132,1,0
BRDA:1,1133,0,0
BRDA:1,1133,1,0
BRDA:1,1134,0,0
BRDA:1,1134,1,0
BRDA:1,1135,0,0
BRDA:1,1135,1,0
BRDA:1,1136,0,0
BRDA:1,1136,1,0
BRDA:1,1137,0,0
BRDA:1,1137,1,0
BRDA:1,1138,0,0
BRDA:1,1138,1,0
BRDA:1,1139,0,0
BRDA:1,1139,1,0
BRDA:1,1139,2,0
BRDA:1,1140,0,0
BRDA:1,1140,1,0
BRDA:1,1141,0,0
BRDA:1,1141,1,0
BRDA:1,1142,0,0
BRDA:1,1142,1,0
BRDA:1,1143,0,0
BRDA:1,1143,1,0
BRDA:1,1144,0,0
BRDA:1,1144,1,0
BRDA:1,1145,0,0
BRDA:1,1145,1,0
BRDA:1,1146,0,0
BRDA:1,1146,1,0
BRDA:1,1147,0,0
BRDA:1,1147,1,0
BRDA:1,1148,0,0
BRDA:1,1148,1,0
BRDA:1,1149,0,0
BRDA:1,1149,1,0
BRDA:1,1150,0,0
BRDA:1,1150,1,0
BRDA:1,1151,0,0
BRDA:1,1151,1,0
BRDA:1,1152,0,0
BRDA:1,1152,1,0
BRDA:1,1153,0,0
BRDA:1,1153,1,0
BRDA:1,1154,0,0
BRDA:1,1154,1,0
BRDA:1,1155,0,0
BRDA:1,1155,1,0
BRDA:1,1156,0,0
BRDA:1,1156,1,0
BRDA:1,1156,2,0
BRDA:1,1156,3,0
BRDA:1,1156,4,0
BRDA:1,1157,0,0
BRDA:1,1157,1,0
BRDA:1,1158,0,0
BRDA:1,1158,1,0
BRDA:1,1158,2,0
BRDA:1,1159,0,0
BRDA:1,1159,1,0
BRDA:1,1160,0,0
BRDA:1,1160,1,0
BRDA:1,1161,0,0
BRDA:1,1161,1,0
BRDA:1,1162,0,0
BRDA:1,1162,1,0
BRDA:1,1163,0,0
BRDA:1,1163,1,0
BRDA:1,1164,0,0
BRDA:1,1164,1,0
BRDA:1,1165,0,0
BRDA:1,1165,1,0
BRDA:1,1166,0,0
BRDA:1,1166,1,0
BRDA:1,1167,0,0
BRDA:1,1167,1,0
BRDA:1,1168,0,0
BRDA:1,1168,1,0
BRDA:1,1169,0,0
BRDA:1,1169,1,0
BRDA:1,1170,0,0
BRDA:1,1170,1,0
BRDA:1,1171,0,0
BRDA:1,1171,1,0
BRDA:1,1171,2,0
BRDA:1,1171,3,0
BRDA:1,1172,0,0
BRDA:1,1172,1,0
BRDA:1,1173,0,0
BRDA:1,1173,1,0
BRDA:1,1174,0,0
BRDA:1,1174,1,0
BRDA:1,1175,0,0
BRDA:1,1175,1,0
BRDA:1,1176,0,0
BRDA:1,1176,1,0
BRDA:1,1177,0,0
BRDA:1,1177,1,0
BRDA:1,1178,0,0
BRDA:1,1178,1,0
BRDA:1,1179,0,0
BRDA:1,1179,1,0
BRDA:1,1180,0,0
BRDA:1,1180,1,0
BRDA:1,1181,0,0
BRDA:1,1181,1,0
BRDA:1,1182,0,0
BRDA:1,1182,1,0
BRDA:1,1183,0,0
BRDA:1,1183,1,0
BRDA:1,1183,2,0
BRDA:1,1183,3,0
BRDA:1,1184,0,0
BRDA:1,1184,1,0
BRDA:1,1185,0,0
BRDA:1,1185,1,0
BRDA:1,1186,0,0
BRDA:1,1186,1,0
BRDA:1,1187,0,0
BRDA:1,1187,1,0
BRDA:1,1188,0,0
BRDA:1,1188,1,0
BRDA:1,1189,0,0
BRDA:1,1189,1,0
BRDA:1,1189,2,0
BRDA:1,1189,3,0
BRDA:1,1190,0,0
BRDA:1,1190,1,0
BRDA:1,1190,2,0
BRDA:1,1191,0,0
BRDA:1,1191,1,0
BRDA:1,1192,0,0
BRDA:1,1192,1,0
BRDA:1,1193,0,0
BRDA:1,1193,1,0
BRDA:1,1194,0,0
BRDA:1,1194,1,0
BRDA:1,1195,0,0
BRDA:1,1195,1,0
BRDA:1,1195,2,0
BRDA:1,1196,0,0
BRDA:1,1196,1,0
BRDA:1,1197,0,0
BRDA:1,1197,1,0
BRDA:1,1198,0,0
BRDA:1,1198,1,0
BRDA:1,1199,0,0
BRDA:1,1199,1,0
BRDA:1,1200,0,0
BRDA:1,1200,1,0
BRDA:1,1200,2,0
BRDA:1,1201,0,0
BRDA:1,1201,1,0
BRDA:1,1202,0,0
BRDA:1,1202,1,0
BRDA:1,1203,0,0
BRDA:1,1203,1,0
BRDA:1,1204,0,0
BRDA:1,1204,1,0
BRDA:1,1205,0,0
BRDA:1,1205,1,0
BRDA:1,1206,0,0
BRDA:1,1206,1,0
BRDA:1,1207,0,0
BRDA:1,1207,1,0
BRDA:1,1208,0,0
BRDA:1,1208,1,0
BRDA:1,1209,0,0
BRDA:1,1209,1,0
BRDA:1,1210,0,0
BRDA:1,1210,1,0
BRDA:1,1211,0,0
BRDA:1,1211,1,0
BRDA:1,1212,0,0
BRDA:1,1212,1,0
BRDA:1,1213,0,0
BRDA:1,1213,1,0
BRDA:1,1213,2,0
BRDA:1,1214,0,0
BRDA:1,1214,1,0
BRDA:1,1215,0,0
BRDA:1,1215,1,0
BRDA:1,1216,0,0
BRDA:1,1216,1,0
BRDA:1,1217,0,0
BRDA:1,1217,1,0
BRDA:1,1218,0,0
BRDA:1,1218,1,0
BRDA:1,1218,2,0
BRDA:1,1219,0,0
BRDA:1,1219,1,0
BRDA:1,1219,2,0
BRDA:1,1220,0,0
BRDA:1,1220,1,0
BRDA:1,1220,2,0
BRDA:1,1221,0,0
BRDA:1,1221,1,0
BRDA:1,1222,0,0
BRDA:1,1222,1,0
BRDA:1,1223,0,0
BRDA:1,1223,1,0
BRDA:1,1224,0,0
BRDA:1,1224,1,0
BRDA:1,1225,0,0
BRDA:1,1225,1,0
BRDA:1,1226,0,0
BRDA:1,1226,1,0
BRDA:1,1227,0,0
BRDA:1,1227,1,0
BRDA:1,1228,0,0
BRDA:1,1228,1,0
BRDA:1,1229,0,0
BRDA:1,1229,1,0
BRDA:1,1229,2,0
BRDA:1,1230,0,0
BRDA:1,1230,1,0
BRDA:1,1231,0,0
BRDA:1,1231,1,0
BRDA:1,1231,2,0
BRDA:1,1232,0,0
BRDA:1,1232,1,0
BRDA:1,1233,0,0
BRDA:1,1233,1,0
BRDA:1,1234,0,0
BRDA:1,1234,1,0
BRDA:1,1235,0,0
BRDA:1,1235,1,0
BRDA:1,1236,0,0
BRDA:1,1236,1,0
BRDA:1,1237,0,0
BRDA:1,1237,1,0
BRDA:1,1238,0,0
BRDA:1,1238,1,0
BRDA:1,1239,0,0
BRDA:1,1239,1,0
BRDA:1,1240,0,0
BRDA:1,1240,1,0
BRDA:1,1240,2,0
BRDA:1,1240,3,0
BRDA:1,1241,0,0
BRDA:1,1241,1,0
BRDA:1,1242,0,0
BRDA:1,1242,1,0
BRDA:1,1243,0,0
BRDA:1,1243,1,0
BRDA:1,1244,0,0
BRDA:1,1244,1,0
BRDA:1,1245,0,0
BRDA:1,1245,1,0
BRDA:1,1246,0,0
BRDA:1,1246,1,0
BRDA:1,1247,0,0
BRDA:1,1247,1,0
BRDA:1,1248,0,0
BRDA:1,1248,1,0
BRDA:1,1249,0,0
BRDA:1,1249,1,0
BRDA:1,1250,0,0
BRDA:1,1250,1,0
BRDA:1,1251,0,0
BRDA:1,1251,1,0
BRDA:1,1252,0,0
BRDA:1,1252,1,0
BRDA:1,1253,0,0
BRDA:1,1253,1,0
BRDA:1,1254,0,0
BRDA:1,1254,1,0
BRDA:1,1254,2,0
BRDA:1,1255,0,0
BRDA:1,1255,1,0
BRDA:1,1256,0,0
BRDA:1,1256,1,0
BRDA:1,1257,0,0
BRDA:1,1257,1,0
BRDA:1,1258,0,0
BRDA:1,1258,1,0
BRDA:1,1258,2,0
BRDA:1,1258,3,0
BRDA:1,1258,4,0
BRDA:1,1259,0,0
BRDA:1,1259,1,0
BRDA:1,1260,0,0
BRDA:1,1260,1,0
BRDA:1,1261,0,0
BRDA:1,1261,1,0
BRDA:1,1262,0,0
BRDA:1,1262,1,0
BRDA:1,1263,0,0
BRDA:1,1263,1,0
BRDA:1,1264,0,0
BRDA:1,1264,1,0
BRDA:1,1265,0,0
BRDA:1,1265,1,0
BRDA:1,1266,0,0
BRDA:1,1266,1,0
BRDA:1,1267,0,0
BRDA:1,1267,1,0
BRDA:1,1268,0,0
BRDA:1,1268,1,0
BRDA:1,1269,0,0
BRDA:1,1269,1,0
BRDA:1,1270,0,0
BRDA:1,1270,1,0
BRDA:1,1271,0,0
BRDA:1,1271,1,0
BRDA:1,1272,0,0
BRDA:1,1272,1,0
BRDA:1,1273,0,0
BRDA:1,1273,1,0
BRDA:1,1274,0,0
BRDA:1,1274,1,0
BRDA:1,1275,0,0
BRDA:1,1275,1,0
BRDA:1,1276,0,0
BRDA:1,1276,1,0
BRDA:1,1276,2,0
BRDA:1,1276,3,0
BRDA:1,1277,0,0
BRDA:1,1277,1,0
BRDA:1,1277,2,0
BRDA:1,1277,3,0
BRDA:1,1277,4,0
BRDA:1,1277,5,0
BRDA:1,1277,6,0
BRDA:1,1277,7,0
BRDA:1,1277,8,0
BRDA:1,1278,0,0
BRDA:1,1278,1,0
BRDA:1,1279,0,0
BRDA:1,1279,1,0
BRDA:1,1280,0,0
BRDA:1,1280,1,0
BRDA:1,1281,0,0
BRDA:1,1281,1,0
BRDA:1,1282,0,0
BRDA:1,1282,1,0
BRDA:1,1283,0,0
BRDA:1,1283,1,0
BRDA:1,1284,0,0
BRDA:1,1284,1,0
BRDA:1,1285,0,0
BRDA:1,1285,1,0
BRDA:1,1286,0,0
BRDA:1,1286,1,0
BRDA:1,1287,0,0
BRDA:1,1287,1,0
BRDA:1,1288,0,0
BRDA:1,1288,1,0
BRDA:1,1289,0,0
BRDA:1,1289,1,0
BRDA:1,1290,0,0
BRDA:1,1290,1,0
BRDA:1,1291,0,0
BRDA:1,1291,1,0
BRDA:1,1292,0,0
BRDA:1,1292,1,0
BRDA:1,1293,0,0
BRDA:1,1293,1,0
BRDA:1,1294,0,0
BRDA:1,1294,1,0
BRDA:1,1295,0,0
BRDA:1,1295,1,0
BRDA:1,1296,0,0
BRDA:1,1296,1,0
BRDA:1,1297,0,0
BRDA:1,1297,1,0
BRDA:1,1298,0,0
BRDA:1,1298,1,0
BRDA:1,1298,2,0
BRDA:1,1299,0,0
BRDA:1,1299,1,0
BRDA:1,1300,0,0
BRDA:1,1300,1,0
BRDA:1,1301,0,0
BRDA:1,1301,1,0
BRDA:1,1302,0,0
BRDA:1,1302,1,0
BRDA:1,1303,0,0
BRDA:1,1303,1,0
BRDA:1,1304,0,0
BRDA:1,1304,1,0
BRDA:1,1305,0,0
BRDA:1,1305,1,0
BRDA:1,1306,0,0
BRDA:1,1306,1,0
BRDA:1,1307,0,0
BRDA:1,1307,1,0
BRDA:1,1308,0,0
BRDA:1,1308,1,0
BRDA:1,1309,0,0
BRDA:1,1309,1,0
BRDA:1,1310,0,0
BRDA:1,1310,1,0
BRDA:1,1311,0,0
BRDA:1,1311,1,0
BRDA:1,1312,0,0
BRDA:1,1312,1,0
BRDA:1,1313,0,0
BRDA:1,1313,1,0
BRDA:1,1314,0,0
BRDA:1,1314,1,0
BRDA:1,1314,2,0
BRDA:1,1314,3,0
BRDA:1,1315,0,0
BRDA:1,1315,1,0
BRDA:1,1315,2,0
BRDA:1,1315,3,0
BRDA:1,1315,4,0
BRDA:1,1316,0,0
BRDA:1,1316,1,0
BRDA:1,1317,0,0
BRDA:1,1317,1,0
BRDA:1,1318,0,0
[...]
BRDA:1,1489,1,0
BRDA:1,1490,0,0
BRDA:1,1490,1,0
BRDA:1,1491,0,0
BRDA:1,1491,1,0
BRDA:1,1492,0,0
BRDA:1,1492,1,0
BRDA:1,1493,0,0
BRDA:1,1493,1,0
BRDA:1,1494,0,0
BRDA:1,1494,1,0
BRDA:1,1495,0,0
BRDA:1,1495,1,0
BRDA:1,1496,0,0
BRDA:1,1496,1,0
BRDA:1,1496,2,0
BRDA:1,1497,0,0
BRDA:1,1497,1,0
BRDA:1,1498,0,0
BRDA:1,1498,1,0
BRDA:1,1499,0,0
BRDA:1,1499,1,0
BRDA:1,1500,0,0
BRDA:1,1500,1,0
BRDA:1,1501,0,0
BRDA:1,1501,1,0
BRDA:1,1502,0,0
BRDA:1,1502,1,0
BRDA:1,1503,0,0
BRDA:1,1503,1,0
BRDA:1,1504,0,0
BRDA:1,1504,1,0
BRDA:1,1505,0,0
BRDA:1,1505,1,0
BRDA:1,1506,0,0
BRDA:1,1506,1,0
BRDA:1,1507,0,0
BRDA:1,1507,1,0
BRDA:1,1508,0,0
BRDA:1,1508,1,0
BRDA:1,1509,0,0
BRDA:1,1509,1,0
BRDA:1,1510,0,0
BRDA:1,1510,1,0
BRDA:1,1511,0,0
BRDA:1,1511,1,0
BRDA:1,1512,0,0
BRDA:1,1512,1,0
BRDA:1,1513,0,0
BRDA:1,1513,1,0
BRDA:1,1514,0,0
BRDA:1,1514,1,0
BRDA:1,1515,0,0
BRDA:1,1515,1,0
BRDA:1,1516,0,0
BRDA:1,1516,1,0
BRDA:1,1517,0,0
BRDA:1,1517,1,0
BRDA:1,1518,0,0
BRDA:1,1518,1,0
BRDA:1,1519,0,0
BRDA:1,1519,1,0
BRDA:1,1519,2,0
BRDA:1,1520,0,0
BRDA:1,1520,1,0
BRDA:1,1521,0,0
BRDA:1,1521,1,0
BRDA:1,1522,0,0
BRDA:1,1522,1,0
BRDA:1,1523,0,0
BRDA:1,1523,1,0
BRDA:1,1524,0,0
BRDA:1,1524,1,0
BRDA:1,1525,0,0
BRDA:1,1525,1,0
BRDA:1,1526,0,0
BRDA:1,1526,1,0
BRDA:1,1527,0,0
BRDA:1,1527,1,0
BRDA:1,1528,0,0
BRDA:1,1528,1,0
BRDA:1,1529,0,0
BRDA:1,1529,1,0
BRDA:1,1530,0,0
BRDA:1,1530,1,0
BRDA:1,1531,0,0
BRDA:1,1531,1,0
BRDA:1,1532,0,0
BRDA:1,1532,1,0
BRDA:1,1533,0,0
BRDA:1,1533,1,0
BRDA:1,1534,0,0
BRDA:1,1534,1,0
BRDA:1,1535,0,0
BRDA:1,1535,1,0
BRDA:1,1535,2,0
BRDA:1,1535,3,0
BRDA:1,1536,0,0
BRDA:1,1536,1,0
BRDA:1,1537,0,0
BRDA:1,1537,1,0
BRDA:1,1537,2,0
BRDA:1,1537,3,0
BRDA:1,1538,0,0
BRDA:1,1538,1,0
BRDA:1,1539,0,0
BRDA:1,1539,1,0
BRDA:1,1539,2,0
BRDA:1,1539,3,0
BRDA:1,1540,0,0
BRDA:1,1540,1,0
BRDA:1,1541,0,0
BRDA:1,1541,1,0
BRDA:1,1542,0,0
BRDA:1,1542,1,0
BRDA:1,1543,0,0
BRDA:1,1543,1,0
BRDA:1,1544,0,0
BRDA:1,1544,1,0
BRDA:1,1545,0,0
BRDA:1,1545,1,0
BRDA:1,1546,0,0
BRDA:1,1546,1,0
BRDA:1,1547,0,0
BRDA:1,1547,1,0
BRDA:1,1548,0,0
BRDA:1,1548,1,0
BRDA:1,1549,0,0
BRDA:1,1549,1,0
BRDA:1,1550,0,0
BRDA:1,1550,1,0
BRDA:1,1551,0,0
BRDA:1,1551,1,0
BRDA:1,1552,0,0
BRDA:1,1552,1,0
BRDA:1,1553,0,0
BRDA:1,1553,1,0
BRDA:1,1553,2,0
BRDA:1,1554,0,0
BRDA:1,1554,1,0
BRDA:1,1555,0,0
BRDA:1,1555,1,0
BRDA:1,1556,0,0
BRDA:1,1556,1,0
BRDA:1,1556,2,0
BRDA:1,1557,0,0
BRDA:1,1557,1,0
BRDA:1,1557,2,0
BRDA:1,1558,0,0
BRDA:1,1558,1,0
BRDA:1,1559,0,0
BRDA:1,1559,1,0
BRDA:1,1559,2,0
BRDA:1,1559,3,0
BRDA:1,1559,4,0
BRDA:1,1559,5,0
BRDA:1,1559,6,0
BRDA:1,1560,0,0
BRDA:1,1560,1,0
BRDA:1,1561,0,0
BRDA:1,1561,1,0
BRDA:1,1562,0,0
BRDA:1,1562,1,0
BRDA:1,1562,2,0
BRDA:1,1563,0,0
BRDA:1,1563,1,0
BRDA:1,1564,0,0
BRDA:1,1564,1,0
BRDA:1,1565,0,0
BRDA:1,1565,1,0
BRDA:1,1566,0,0
BRDA:1,1566,1,0
BRDA:1,1567,0,0
BRDA:1,1567,1,0
BRDA:1,1568,0,0
BRDA:1,1568,1,0
BRDA:1,1569,0,0
BRDA:1,1569,1,0
BRDA:1,1570,0,0
BRDA:1,1570,1,0
BRDA:1,1571,0,0
BRDA:1,1571,1,0
BRDA:1,1572,0,0
BRDA:1,1572,1,0
BRDA:1,1573,0,0
BRDA:1,1573,1,0
BRDA:1,1574,0,0
BRDA:1,1574,1,0
BRDA:1,1575,0,0
BRDA:1,1575,1,0
BRDA:1,1576,0,0
BRDA:1,1576,1,0
BRDA:1,1577,0,0
BRDA:1,1577,1,0
BRDA:1,1578,0,0
BRDA:1,1578,1,0
BRDA:1,1579,0,0
BRDA:1,1579,1,0
BRDA:1,1579,2,0
BRDA:1,1580,0,0
BRDA:1,1580,1,0
BRDA:1,1580,2,0
BRDA:1,1581,0,0
BRDA:1,1581,1,0
BRDA:1,1582,0,0
BRDA:1,1582,1,0
BRDA:1,1583,0,0
BRDA:1,1583,1,0
BRDA:1,1584,0,0
BRDA:1,1584,1,0
BRDA:1,1585,0,0
BRDA:1,1585,1,0
BRDA:1,1586,0,0
BRDA:1,1586,1,0
BRDA:1,1587,0,0
BRDA:1,1587,1,0
BRDA:1,1588,0,0
BRDA:1,1588,1,0
BRDA:1,1589,0,0
BRDA:1,1589,1,0
BRDA:1,1590,0,0
BRDA:1,1590,1,0
BRDA:1,1591,0,0
BRDA:1,1591,1,0
BRDA:1,1591,2,0
BRDA:1,1591,3,0
BRDA:1,1591,4,0
BRDA:1,1592,0,0
BRDA:1,1592,1,0
BRDA:1,1593,0,0
BRDA:1,1593,1,0
BRDA:1,1593,2,0
BRDA:1,1593,3,0
BRDA:1,1593,4,0
BRDA:1,1593,5,0
BRDA:1,1593,6,0
BRDA:1,1593,7,0
BRDA:1,1593,8,0
BRDA:1,1593,9,0
BRDA:1,1593,10,0
BRDA:1,1593,11,0
BRDA:1,1593,12,0
BRDA:1,1593,13,0
BRDA:1,1593,14,0
BRDA:1,1593,15,0
BRDA:1,1593,16,0
BRDA:1,1593,17,0
BRDA:1,1593,18,0
BRDA:1,1593,19,0
BRDA:1,1593,20,0
BRDA:1,1593,21,0
BRDA:1,1593,22,0
BRDA:1,1593,23,0
BRDA:1,1593,24,0
BRDA:1,1593,25,0
BRDA:1,1593,26,0
BRDA:1,1593,27,0
BRDA:1,1593,28,0
BRDA:1,1593,29,0
BRDA:1,1593,30,0
BRDA:1,1593,31,0
BRDA:1,1593,32,0
BRDA:1,1594,0,0
BRDA:1,1594,1,0
BRDA:1,1595,0,0
BRDA:1,1595,1,0
BRDA:1,1596,0,0
BRDA:1,1596,1,0
BRDA:1,1597,0,0
BRDA:1,1597,1,0
BRDA:1,1598,0,0
BRDA:1,1598,1,0
BRDA:1,1599,0,0
BRDA:1,1599,1,0
BRDA:1,1600,0,0
BRDA:1,1600,1,0
BRDA:1,1601,0,0
BRDA:1,1601,1,0
BRDA:1,1602,0,0
BRDA:1,1602,1,0
BRDA:1,1603,0,0
BRDA:1,1603,1,0
BRDA:1,1604,0,0
BRDA:1,1604,1,0
BRDA:1,1605,0,0
BRDA:1,1605,1,0
BRDA:1,1606,0,0
BRDA:1,1606,1,0
BRDA:1,1607,0,0
BRDA:1,1607,1,0
BRDA:1,1608,0,0
BRDA:1,1608,1,0
BRDA:1,1609,0,0
BRDA:1,1609,1,0
BRDA:1,1610,0,0
BRDA:1,1610,1,0
BRDA:1,1611,0,0
BRDA:1,1611,1,0
BRDA:1,1612,0,0
BRDA:1,1612,1,0
BRDA:1,1613,0,0
BRDA:1,1613,1,0
BRDA:1,1614,0,0
BRDA:1,1614,1,0
BRDA:1,1615,0,0
BRDA:1,1615,1,0
BRDA:1,1616,0,0
BRDA:1,1616,1,0
BRDA:1,1617,0,0
BRDA:1,1617,1,0
BRDA:1,1618,0,0
BRDA:1,1618,1,0
BRDA:1,1619,0,0
BRDA:1,1619,1,0
BRDA:1,1620,0,0
BRDA:1,1620,1,0
BRDA:1,1621,0,0
BRDA:1,1621,1,0
BRDA:1,1622,0,0
BRDA:1,1622,1,0
BRDA:1,1623,0,0
BRDA:1,1623,1,0
BRDA:1,1624,0,0
BRDA:1,1624,1,0
BRDA:1,1625,0,0
BRDA:1,1625,1,0
BRDA:1,1626,0,0
BRDA:1,1626,1,0
BRDA:1,1627,0,0
BRDA:1,1627,1,0
BRDA:1,1628,0,0
BRDA:1,1628,1,0
BRDA:1,1629,0,0
BRDA:1,1629,1,0
BRDA:1,1630,0,0
BRDA:1,1630,1,0
BRDA:1,1631,0,0
BRDA:1,1631,1,0
BRDA:1,1631,2,0
BRDA:1,1631,3,0
BRDA:1,1632,0,0
BRDA:1,1632,1,0
BRDA:1,1633,0,0
BRDA:1,1633,1,0
BRDA:1,1634,0,0
BRDA:1,1634,1,0
BRDA:1,1635,0,0
BRDA:1,1635,1,0
BRDA:1,1636,0,0
BRDA:1,1636,1,0
BRDA:1,1637,0,0
BRDA:1,1637,1,0
BRDA:1,1638,0,0
BRDA:1,1638,1,0
BRDA:1,1638,2,0
BRDA:1,1638,3,0
BRDA:1,1639,0,0
BRDA:1,1639,1,0
BRDA:1,1640,0,0
BRDA:1,1640,1,0
BRDA:1,1641,0,0
BRDA:1,1641,1,0
BRDA:1,1642,0,0
BRDA:1,1642,1,0
BRDA:1,1643,0,0
BRDA:1,1643,1,0
BRDA:1,1644,0,0
BRDA:1,1644,1,0
BRDA:1,1645,0,0
BRDA:1,1645,1,0
BRDA:1,1646,0,0
BRDA:1,1646,1,0
BRDA:1,1647,0,0
BRDA:1,1647,1,0
BRDA:1,1648,0,0
BRDA:1,1648,1,0
BRDA:1,1649,0,0
BRDA:1,1649,1,0
BRDA:1,1650,0,0
BRDA:1,1650,1,0
BRDA:1,1651,0,0
BRDA:1,1651,1,0
BRDA:1,1652,0,0
BRDA:1,1652,1,0
BRDA:1,1652,2,0
BRDA:1,1652,3,0
BRDA:1,1653,0,0
BRDA:1,1653,1,0
BRDA:1,1654,0,0
BRDA:1,1654,1,0
BRDA:1,1655,0,0
BRDA:1,1655,1,0
BRDA:1,1656,0,0
BRDA:1,1656,1,0
BRDA:1,1657,0,0
BRDA:1,1657,1,0
BRDA:1,1658,0,0
BRDA:1,1658,1,0
BRDA:1,1659,0,0
BRDA:1,1659,1,0
BRDA:1,1660,0,0
BRDA:1,1660,1,0
BRDA:1,1661,0,0
BRDA:1,1661,1,0
BRDA:1,1662,0,0
BRDA:1,1662,1,0
BRDA:1,1663,0,0
BRDA:1,1663,1,0
BRDA:1,1664,0,0
BRDA:1,1664,1,0
BRDA:1,1665,0,0
BRDA:1,1665,1,0
BRDA:1,1666,0,0
BRDA:1,1666,1,0
BRDA:1,1667,0,0
BRDA:1,1667,1,0
BRDA:1,1668,0,0
BRDA:1,1668,1,0
BRDA:1,1669,0,0
BRDA:1,1669,1,0
BRDA:1,1670,0,0
BRDA:1,1670,1,0
BRDA:1,1671,0,0
BRDA:1,1671,1,0
BRDA:1,1672,0,0
BRDA:1,1672,1,0
BRDA:1,1673,0,0
BRDA:1,1673,1,0
BRDA:1,1674,0,0
BRDA:1,1674,1,0
BRDA:1,1675,0,0
BRDA:1,1675,1,0
BRDA:1,1676,0,0
BRDA:1,1676,1,0
BRDA:1,1677,0,0
BRDA:1,1677,1,0
BRDA:1,1678,0,0
BRDA:1,1678,1,0
BRDA:1,1679,0,0
BRDA:1,1679,1,0
BRDA:1,1680,0,0
BRDA:1,1680,1,0
BRDA:1,1681,0,0
BRDA:1,1681,1,0
BRDA:1,1682,0,0
BRDA:1,1682,1,0
BRDA:1,1683,0,0
BRDA:1,1683,1,0
BRDA:1,1684,0,0
BRDA:1,1684,1,0
BRDA:1,1685,0,0
BRDA:1,1685,1,0
BRDA:1,1686,0,0
BRDA:1,1686,1,0
BRDA:1,1687,0,0
BRDA:1,1687,1,0
BRDA:1,1688,0,0
BRDA:1,1688,1,0
BRDA:1,1689,0,0
BRDA:1,1689,1,0
BRDA:1,1690,0,0
BRDA:1,1690,1,0
BRDA:1,1691,0,0
BRDA:1,1691,1,0
BRDA:1,1692,0,0
BRDA:1,1692,1,0
BRDA:1,1693,0,0
BRDA:1,1693,1,0
BRDA:1,1694,0,0
BRDA:1,1694,1,0
BRDA:1,1695,0,0
BRDA:1,1695,1,0
BRDA:1,1696,0,0
BRDA:1,1696,1,0
BRDA:1,1697,0,0
BRDA:1,1697,1,0
BRDA:1,1698,0,0
BRDA:1,1698,1,0
BRDA:1,1699,0,0
BRDA:1,1699,1,0
BRDA:1,1700,0,0
BRDA:1,1700,1,0
BRDA:1,1701,0,0
BRDA:1,1701,1,0
BRDA:1,1702,0,0
BRDA:1,1702,1,0
BRDA:1,1703,0,0
BRDA:1,1703,1,0
BRDA:1,1704,0,0
BRDA:1,1704,1,0
BRDA:1,1705,0,0
BRDA:1,1705,1,0
BRDA:1,1706,0,0
BRDA:1,1706,1,0
BRDA:1,1707,0,0
BRDA:1,1707,1,0
BRDA:1,1708,0,0
BRDA:1,1708,1,0
BRDA:1,1709,0,0
BRDA:1,1709,1,0
BRDA:1,1710,0,0
BRDA:1,1710,1,0
BRDA:1,1711,0,0
BRDA:1,1711,1,0
BRDA:1,1712,0,0
BRDA:1,1712,1,0
BRDA:1,1713,0,0
BRDA:1,1713,1,0
BRDA:1,1714,0,0
BRDA:1,1714,1,0
BRDA:1,1715,0,0
BRDA:1,1715,1,0
BRDA:1,1716,0,0
BRDA:1,1716,1,0
BRDA:1,1717,0,0
BRDA:1,1717,1,0
BRDA:1,1718,0,0
BRDA:1,1718,1,0
BRDA:1,1719,0,0
BRDA:1,1719,1,0
BRDA:1,1719,2,0
BRDA:1,1719,3,0
BRDA:1,1719,4,0
BRDA:1,1719,5,0
BRDA:1,1720,0,0
BRDA:1,1720,1,0
BRDA:1,1720,2,0
BRDA:1,1721,0,0
BRDA:1,1721,1,0
BRDA:1,1722,0,0
BRDA:1,1722,1,0
BRDA:1,1723,0,0
BRDA:1,1723,1,0
BRDA:1,1724,0,0
BRDA:1,1724,1,0
BRDA:1,1725,0,0
BRDA:1,1725,1,0
BRDA:1,1726,0,0
BRDA:1,1726,1,0
BRDA:1,1726,2,0
BRDA:1,1726,3,0
BRDA:1,1726,4,0
BRDA:1,1727,0,0
BRDA:1,1727,1,0
BRDA:1,1728,0,0
BRDA:1,1728,1,0
BRDA:1,1729,0,0
BRDA:1,1729,1,0
BRDA:1,1730,0,0
BRDA:1,1730,1,0
BRDA:1,1731,0,0
BRDA:1,1731,1,0
BRDA:1,1732,0,0
BRDA:1,1732,1,0
BRDA:1,1733,0,0
BRDA:1,1733,1,0
BRDA:1,1734,0,0
BRDA:1,1734,1,0
BRDA:1,1735,0,0
BRDA:1,1735,1,0
BRDA:1,1736,0,0
BRDA:1,1736,1,0
BRDA:1,1737,0,0
BRDA:1,1737,1,0
BRDA:1,1738,0,0
BRDA:1,1738,1,0
BRDA:1,1739,0,0
BRDA:1,1739,1,0
BRDA:1,1740,0,0
BRDA:1,1740,1,0
BRDA:1,1741,0,0
BRDA:1,1741,1,0
BRDA:1,1742,0,0
BRDA:1,1742,1,0
BRDA:1,1743,0,0
BRDA:1,1743,1,0
BRDA:1,1744,0,0
BRDA:1,1744,1,0
BRDA:1,1745,0,0
BRDA:1,1745,1,0
BRDA:1,1746,0,0
BRDA:1,1746,1,0
BRDA:1,1747,0,0
BRDA:1,1747,1,0
BRDA:1,1748,0,0
BRDA:1,1748,1,0
BRDA:1,1749,0,0
BRDA:1,1749,1,0
BRDA:1,1750,0,0
BRDA:1,1750,1,0
BRDA:1,1751,0,0
BRDA:1,1751,1,0
BRDA:1,1752,0,0
BRDA:1,1752,1,0
BRDA:1,1753,0,0
BRDA:1,1753,1,0
BRDA:1,1754,0,0
BRDA:1,1754,1,0
BRDA:1,1755,0,0
BRDA:1,1755,1,0
BRDA:1,1756,0,0
BRDA:1,1756,1,0
BRDA:1,1757,0,0
BRDA:1,1757,1,0
BRDA:1,1758,0,0
BRDA:1,1758,1,0
BRDA:1,1759,0,0
BRDA:1,1759,1,0
BRDA:1,1760,0,0
BRDA:1,1760,1,0
BRDA:1,1761,0,0
BRDA:1,1761,1,0
BRDA:1,1762,0,0
BRDA:1,1762,1,0
BRDA:1,1763,0,0
BRDA:1,1763,1,0
BRDA:1,1764,0,0
BRDA:1,1764,1,0
BRDA:1,1765,0,0
BRDA:1,1765,1,0
BRDA:1,1766,0,0
BRDA:1,1766,1,0
BRDA:1,1767,0,0
BRDA:1,1767,1,0
BRDA:1,1768,0,0
BRDA:1,1768,1,0
BRDA:1,1769,0,0
BRDA:1,1769,1,0
BRDA:1,1770,0,0
BRDA:1,1770,1,0
BRDA:1,1771,0,0
BRDA:1,1771,1,0
BRDA:1,1772,0,0
BRDA:1,1772,1,0
BRDA:1,1773,0,0
BRDA:1,1773,1,0
BRDA:1,1774,0,0
BRDA:1,1774,1,0
BRDA:1,1775,0,0
BRDA:1,1775,1,0
BRDA:1,1776,0,0
BRDA:1,1776,1,0
BRDA:1,1776,2,0
BRDA:1,1777,0,0
BRDA:1,1777,1,0
BRDA:1,1778,0,0
BRDA:1,1778,1,0
BRDA:1,1779,0,0
BRDA:1,1779,1,0
BRDA:1,1780,0,0
BRDA:1,1780,1,0
BRDA:1,1781,0,0
BRDA:1,1781,1,0
BRDA:1,1781,2,0
BRDA:1,1781,3,0
BRDA:1,1782,0,0
BRDA:1,1782,1,0
BRDA:1,1783,0,0
BRDA:1,1783,1,0
BRDA:1,1784,0,0
BRDA:1,1784,1,0
BRDA:1,1785,0,0
BRDA:1,1785,1,0
BRDA:1,1786,0,0
BRDA:1,1786,1,0
BRDA:1,1787,0,0
BRDA:1,1787,1,0
BRDA:1,1788,0,0
BRDA:1,1788,1,0
BRDA:1,1789,0,0
BRDA:1,1789,1,0
BRDA:1,1790,0,0
BRDA:1,1790,1,0
BRDA:1,1791,0,0
BRDA:1,1791,1,0
BRDA:1,1792,0,0
BRDA:1,1792,1,0
BRDA:1,1792,2,0
BRDA:1,1792,3,0
BRDA:1,1793,0,0
BRDA:1,1793,1,0
BRDA:1,1794,0,0
BRDA:1,1794,1,0
BRDA:1,1794,2,0
BRDA:1,1795,0,0
BRDA:1,1795,1,0
BRDA:1,1796,0,0
BRDA:1,1796,1,0
BRDA:1,1796,2,0
BRDA:1,1796,3,0
BRDA:1,1797,0,0
BRDA:1,1797,1,0
BRDA:1,1798,0,0
BRDA:1,1798,1,0
BRDA:1,1799,0,0
BRDA:1,1799,1,0
BRDA:1,1800,0,0
BRDA:1,1800,1,0
BRDA:1,1801,0,0
BRDA:1,1801,1,0
BRDA:1,1802,0,0
BRDA:1,1802,1,0
BRDA:1,1803,0,0
BRDA:1,1803,1,0
BRDA:1,1804,0,0
BRDA:1,1804,1,0
BRDA:1,1805,0,0
BRDA:1,1805,1,0
BRDA:1,1806,0,0
BRDA:1,1806,1,0
BRDA:1,1807,0,0
BRDA:1,1807,1,0
BRDA:1,1808,0,0
BRDA:1,1808,1,0
BRDA:1,1809,0,0
BRDA:1,1809,1,0
BRDA:1,1810,0,0
BRDA:1,1810,1,0
BRDA:1,1811,0,0
BRDA:1,1811,1,0
BRDA:1,1812,0,0
BRDA:1,1812,1,0
BRDA:1,1813,0,0
BRDA:1,1813,1,0
BRDA:1,1814,0,0
BRDA:1,1814,1,0
BRDA:1,1815,0,0
BRDA:1,1815,1,0
BRDA:1,1816,0,0
BRDA:1,1816,1,0
BRDA:1,1817,0,0
BRDA:1,1817,1,0
BRDA:1,1817,2,0
BRDA:1,1818,0,0
BRDA:1,1818,1,0
BRDA:1,1819,0,0
BRDA:1,1819,1,0
BRDA:1,1820,0,0
BRDA:1,1820,1,0
BRDA:1,1821,0,0
BRDA:1,1821,1,0
BRDA:1,1822,0,0
BRDA:1,1822,1,0
BRDA:1,1823,0,0
BRDA:1,1823,1,0
BRDA:1,1824,0,0
BRDA:1,1824,1,0
BRDA:1,1825,0,0
BRDA:1,1825,1,0
BRDA:1,1826,0,0
BRDA:1,1826,1,0
BRDA:1,1827,0,0
BRDA:1,1827,1,0
BRDA:1,1828,0,0
BRDA:1,1828,1,0
BRDA:1,1829,0,0
BRDA:1,1829,1,0
BRDA:1,1830,0,0
BRDA:1,1830,1,0
BRDA:1,1831,0,0
BRDA:1,1831,1,0
BRDA:1,1832,0,0
BRDA:1,1832,1,0
BRDA:1,1833,0,0
BRDA:1,1833,1,0
BRDA:1,1834,0,0
BRDA:1,1834,1,0
BRDA:1,1835,0,0
BRDA:1,1835,1,0
BRDA:1,1835,2,0
BRDA:1,1836,0,0
BRDA:1,1836,1,0
BRDA:1,1837,0,0
BRDA:1,1837,1,0
BRDA:1,1838,0,0
BRDA:1,1838,1,0
BRDA:1,1839,0,0
BRDA:1,1839,1,0
BRDA:1,1839,2,0
BRDA:1,1839,3,0
BRDA:1,1839,4,0
BRDA:1,1839,5,0
BRDA:1,1840,0,0
BRDA:1,1840,1,0
BRDA:1,1841,0,0
BRDA:1,1841,1,0
BRDA:1,1842,0,0
BRDA:1,1842,1,0
BRDA:1,1843,0,0
BRDA:1,1843,1,0
BRDA:1,1844,0,0
BRDA:1,1844,1,0
BRDA:1,1845,0,0
BRDA:1,1845,1,0
BRDA:1,1846,0,0
BRDA:1,1846,1,0
BRDA:1,1847,0,0
BRDA:1,1847,1,0
BRDA:1,1848,0,0
BRDA:1,1848,1,0
BRDA:1,1849,0,0
BRDA:1,1849,1,0
BRDA:1,1850,0,0
BRDA:1,1850,1,0
BRDA:1,1851,0,0
BRDA:1,1851,1,0
BRDA:1,1852,0,0
BRDA:1,1852,1,0
BRDA:1,1853,0,0
BRDA:1,1853,1,0
BRDA:1,1854,0,0
BRDA:1,1854,1,0
BRDA:1,1855,0,0
BRDA:1,1855,1,0
BRDA:1,1855,2,0
BRDA:1,1856,0,0
BRDA:1,1856,1,0
BRDA:1,1857,0,0
BRDA:1,1857,1,0
BRDA:1,1858,0,0
BRDA:1,1858,1,0
BRDA:1,1859,0,0
BRDA:1,1859,1,0
BRDA:1,1860,0,0
BRDA:1,1860,1,0
BRDA:1,1861,0,0
BRDA:1,1861,1,0
BRDA:1,1862,0,0
BRDA:1,1862,1,0
BRDA:1,1863,0,0
BRDA:1,1863,1,0
BRDA:1,1864,0,0
BRDA:1,1864,1,0
BRDA:1,1865,0,0
BRDA:1,1865,1,0
BRDA:1,1866,0,0
BRDA:1,1866,1,0
BRDA:1,1867,0,0
BRDA:1,1867,1,0
BRDA:1,1868,0,0
BRDA:1,1868,1,0
BRDA:1,1869,0,0
BRDA:1,1869,1,0
BRDA:1,1870,0,0
BRDA:1,1870,1,0
BRDA:1,1871,0,0
BRDA:1,1871,1,0
BRDA:1,1872,0,0
BRDA:1,1872,1,0
BRDA:1,1872,2,0
BRDA:1,1873,0,0
BRDA:1,1873,1,0
BRDA:1,1874,0,0
BRDA:1,1874,1,0
BRDA:1,1875,0,0
BRDA:1,1875,1,0
BRDA:1,1876,0,0
BRDA:1,1876,1,0
BRDA:1,1877,0,0
BRDA:1,1877,1,0
BRDA:1,1878,0,0
BRDA:1,1878,1,0
BRDA:1,1879,0,0
BRDA:1,1879,1,0
BRDA:1,1880,0,0
BRDA:1,1880,1,0
BRDA:1,1881,0,0
BRDA:1,1881,1,0
BRDA:1,1882,0,0
BRDA:1,1882,1,0
BRDA:1,1883,0,0
BRDA:1,1883,1,0
BRDA:1,1883,2,0
BRDA:1,1884,0,0
BRDA:1,1884,1,0
BRDA:1,1885,0,0
BRDA:1,1885,1,0
BRDA:1,1886,0,0
BRDA:1,1886,1,0
BRDA:1,1887,0,0
BRDA:1,1887,1,0
BRDA:1,1888,0,0
BRDA:1,1888,1,0
BRDA:1,1889,0,0
BRDA:1,1889,1,0
BRDA:1,1890,0,0
BRDA:1,1890,1,0
BRDA:1,1891,0,0
BRDA:1,1891,1,0
BRDA:1,1891,2,0
BRDA:1,1891,3,0
BRDA:1,1891,4,0
BRDA:1,1891,5,0
BRDA:1,1891,6,0
BRDA:1,1892,0,0
BRDA:1,1892,1,0
BRDA:1,1893,0,0
BRDA:1,1893,1,0
BRDA:1,1894,0,0
BRDA:1,1894,1,0
BRDA:1,1895,0,0
BRDA:1,1895,1,0
BRDA:1,1896,0,0
BRDA:1,1896,1,0
BRDA:1,1897,0,0
BRDA:1,1897,1,0
BRDA:1,1898,0,0
BRDA:1,1898,1,0
BRDA:1,1899,0,0
BRDA:1,1899,1,0
BRDA:1,1900,0,0
BRDA:1,1900,1,0
BRDA:1,1901,0,0
BRDA:1,1901,1,0
BRDA:1,1902,0,0
BRDA:1,1902,1,0
BRDA:1,1903,0,0
BRDA:1,1903,1,0
BRDA:1,1904,0,0
BRDA:1,1904,1,0
BRDA:1,1905,0,0
BRDA:1,1905,1,0
BRDA:1,1906,0,0
BRDA:1,1906,1,0
BRDA:1,1907,0,0
BRDA:1,1907,1,0
BRDA:1,1908,0,0
BRDA:1,1908,1,0
BRDA:1,1909,0,0
BRDA:1,1909,1,0
BRDA:1,1910,0,0
BRDA:1,1910,1,0
BRDA:1,1911,0,0
BRDA:1,1911,1,0
BRDA:1,1912,0,0
BRDA:1,1912,1,0
BRDA:1,1913,0,0
BRDA:1,1913,1,0
BRDA:1,1914,0,0
BRDA:1,1914,1,0
BRDA:1,1915,0,0
BRDA:1,1915,1,0
BRDA:1,1916,0,0
BRDA:1,1916,1,0
BRDA:1,1917,0,0
BRDA:1,1917,1,0
BRDA:1,1918,0,0
BRDA:1,1918,1,0
BRDA:1,1919,0,0
BRDA:1,1919,1,0
BRDA:1,1920,0,0
BRDA:1,1920,1,0
BRDA:1,1921,0,0
BRDA:1,1921,1,0
BRDA:1,1922,0,0
BRDA:1,1922,1,0
BRDA:1,1923,0,0
BRDA:1,1923,1,0
BRDA:1,1924,0,0
BRDA:1,1924,1,0
BRDA:1,1925,0,0
BRDA:1,1925,1,0
BRDA:1,1926,0,0
BRDA:1,1926,1,0
BRDA:1,1927,0,0
BRDA:1,1927,1,0
BRDA:1,1928,0,0
BRDA:1,1928,1,0
BRDA:1,1929,0,0
BRDA:1,1929,1,0
BRDA:1,1929,2,0
BRDA:1,1930,0,0
BRDA:1,1930,1,0
BRDA:1,1931,0,0
BRDA:1,1931,1,0
BRDA:1,1932,0,0
BRDA:1,1932,1,0
BRDA:1,1933,0,0
BRDA:1,1933,1,0
BRDA:1,1934,0,0
BRDA:1,1934,1,0
BRDA:1,1935,0,0
BRDA:1,1935,1,0
BRDA:1,1936,0,0
BRDA:1,1936,1,0
BRDA:1,1937,0,0
BRDA:1,1937,1,0
BRDA:1,1938,0,0
BRDA:1,1938,1,0
BRDA:1,1939,0,0
BRDA:1,1939,1,0
BRDA:1,1940,0,0
BRDA:1,1940,1,0
BRDA:1,1941,0,0
BRDA:1,1941,1,0
BRDA:1,1942,0,0
BRDA:1,1942,1,0
BRDA:1,1943,0,0
BRDA:1,1943,1,0
BRDA:1,1944,0,0
BRDA:1,1944,1,0
BRDA:1,1945,0,0
BRDA:1,1945,1,0
BRDA:1,1946,0,0
BRDA:1,1946,1,0
BRDA:1,1947,0,0
BRDA:1,1947,1,0
BRDA:1,1948,0,0
BRDA:1,1948,1,0
BRDA:1,1949,0,0
BRDA:1,1949,1,0
BRDA:1,1950,0,0
BRDA:1,1950,1,0
BRDA:1,1950,2,0
BRDA:1,1951,0,0
BRDA:1,1951,1,0
BRDA:1,1952,0,0
BRDA:1,1952,1,0
BRDA:1,1953,0,0
BRDA:1,1953,1,0
BRDA:1,1954,0,0
BRDA:1,1954,1,0
BRDA:1,1955,0,0
BRDA:1,1955,1,0
BRDA:1,1955,2,0
BRDA:1,1956,0,0
BRDA:1,1956,1,0
BRDA:1,1957,0,0
BRDA:1,1957,1,0
BRDA:1,1958,0,0
BRDA:1,1958,1,0
BRDA:1,1959,0,0
BRDA:1,1959,1,0
BRDA:1,1959,2,0
BRDA:1,1960,0,0
BRDA:1,1960,1,0
BRDA:1,1961,0,0
BRDA:1,1961,1,0
BRDA:1,1962,0,0
BRDA:1,1962,1,0
BRDA:1,1962,2,0
BRDA:1,1963,0,0
BRDA:1,1963,1,0
BRDA:1,1964,0,0
BRDA:1,1964,1,0
BRDA:1,1965,0,0
BRDA:1,1965,1,0
BRDA:1,1966,0,0
BRDA:1,1966,1,0
BRDA:1,1966,2,0
BRDA:1,1967,0,0
BRDA:1,1967,1,0
BRDA:1,1968,0,0
BRDA:1,1968,1,0
BRDA:1,1969,0,0
BRDA:1,1969,1,0
BRDA:1,1970,0,0
BRDA:1,1970,1,0
BRDA:1,1971,0,0
BRDA:1,1971,1,0
BRDA:1,1972,0,0
BRDA:1,1972,1,0
BRDA:1,1973,0,0
BRDA:1,1973,1,0
BRDA:1,1974,0,0
BRDA:1,1974,1,0
BRF:4378
BRH:0
end_of_record
TN:
SF:c:\PUBLIC\PROJECTS-FINAL\amada\amada\src\background.js
FN:16,createWindow
FN:30,(anonymous_1)
FN:36,(anonymous_2)
FN:44,(anonymous_3)
FN:55,(anonymous_4)
FN:70,(anonymous_5)
FN:76,(anonymous_6)
FNF:7
FNH:0
FNDA:0,createWindow
FNDA:0,(anonymous_1)
FNDA:0,(anonymous_2)
FNDA:0,(anonymous_3)
FNDA:0,(anonymous_4)
FNDA:0,(anonymous_5)
FNDA:0,(anonymous_6)
DA:8,0
DA:15,0
DA:18,0
DA:20,0
DA:22,0
DA:23,0
DA:25,0
DA:27,0
DA:30,0
DA:31,0
DA:36,0
DA:39,0
DA:40,0
DA:44,0
DA:47,0
DA:48,0
DA:55,0
DA:56,0
DA:58,0
DA:59,0
DA:61,0
DA:64,0
DA:68,0
DA:69,0
DA:70,0
DA:71,0
DA:72,0
DA:76,0
DA:77,0
LF:29
LH:0
BRDA:20,0,0,0
BRDA:20,0,1,0
BRDA:23,1,0,0
BRDA:23,1,1,0
BRDA:39,2,0,0
BRDA:39,2,1,0
BRDA:47,3,0,0
BRDA:47,3,1,0
BRDA:56,4,0,0
BRDA:56,4,1,0
BRDA:56,5,0,0
BRDA:56,5,1,0
BRDA:68,6,0,0
BRDA:68,6,1,0
BRDA:69,7,0,0
BRDA:69,7,1,0
BRDA:71,8,0,0
BRDA:71,8,1,0
BRF:18
BRH:0
end_of_record
TN:
SF:c:\PUBLIC\PROJECTS-FINAL\amada\amada\src\helpers.js
FNF:0
FNH:0
DA:1,0
DA:6,0
DA:7,0
LF:3
LH:0
BRF:0
BRH:0
end_of_record
TN:
SF:c:\PUBLIC\PROJECTS-FINAL\amada\amada\src\main.js
FN:21,(anonymous_0)
FNF:1
FNH:0
FNDA:0,(anonymous_0)
DA:6,0
DA:9,0
DA:10,0
DA:11,0
DA:18,0
DA:21,0
LF:6
LH:0
BRF:0
BRH:0
end_of_record
TN:
SF:c:\PUBLIC\PROJECTS-FINAL\amada\amada\src\router.js
FN:22,(anonymous_0)
FNF:1
FNH:0
FNDA:0,(anonymous_0)
DA:5,0
DA:22,0
LF:2
LH:0
BRF:0
BRH:0
end_of_record
TN:
SF:c:\PUBLIC\PROJECTS-FINAL\amada\amada\src\store.js
FNF:0
FNH:0
DA:4,0
LF:1
LH:0
BRF:0
BRH:0
end_of_record
TN:
SF:c:\PUBLIC\PROJECTS-FINAL\amada\amada\tests\e2e\plugins\index.js
FN:11,(anonymous_0)
FNF:1
FNH:0
FNDA:0,(anonymous_0)
DA:11,0
DA:17,0
LF:2
LH:0
BRF:0
BRH:0
end_of_record
TN:
SF:c:\PUBLIC\PROJECTS-FINAL\amada\amada\tests\e2e\specs\test.js
FN:3,(anonymous_0)
FN:4,(anonymous_1)
FNF:2
FNH:0
FNDA:0,(anonymous_0)
FNDA:0,(anonymous_1)
DA:3,0
DA:4,0
DA:5,0
DA:6,0
LF:4
LH:0
BRF:0
BRH:0
end_of_record
TN:
SF:c:\PUBLIC\PROJECTS-FINAL\amada\amada\tests\e2e\support\commands.js
FNF:0
FNH:0
LF:0
LH:0
BRF:0
BRH:0
end_of_record
TN:
SF:c:\PUBLIC\PROJECTS-FINAL\amada\amada\tests\e2e\support\index.js
FNF:0
FNH:0
LF:0
LH:0
BRF:0
BRH:0
end_of_record
TN:
SF:c:\PUBLIC\PROJECTS-FINAL\amada\amada\tests\unit\electron.spec.js
FN:8,(anonymous_0)
FN:11,(anonymous_1)
FN:12,(anonymous_2)
FN:18,(anonymous_3)
FN:22,(anonymous_4)
FN:28,(anonymous_5)
FNF:6
FNH:0
FNDA:0,(anonymous_0)
FNDA:0,(anonymous_1)
FNDA:0,(anonymous_2)
FNDA:0,(anonymous_3)
FNDA:0,(anonymous_4)
FNDA:0,(anonymous_5)
DA:5,0
DA:6,0
DA:8,0
DA:9,0
DA:11,0
DA:12,0
DA:13,0
DA:14,0
DA:18,0
DA:19,0
DA:22,0
DA:23,0
DA:24,0
DA:28,0
DA:29,0
LF:15
LH:0
BRDA:23,0,0,0
BRDA:23,0,1,0
BRDA:23,1,0,0
BRDA:23,1,1,0
BRF:4
BRH:0
end_of_record
TN:
SF:c:\PUBLIC\PROJECTS-FINAL\amada\amada\tests\unit\example.spec.js
FN:5,(anonymous_0)
FN:6,(anonymous_1)
FNF:2
FNH:0
FNDA:0,(anonymous_0)
FNDA:0,(anonymous_1)
DA:5,0
DA:6,0
DA:7,0
DA:8,0
DA:11,0
LF:5
LH:0
BRF:0
BRH:0
end_of_record
